#
# A fatal error has been detected by the Java Runtime Environment:
#
#  EXCEPTION_ACCESS_VIOLATION (0xc0000005) at pc=0x000000005c282b10, pid=14000, tid=9980
#
# JRE version: Java(TM) SE Runtime Environment (14.0.1+7) (build 14.0.1+7)
# Java VM: Java HotSpot(TM) 64-Bit Server VM (14.0.1+7, mixed mode, sharing, tiered, compressed oops, g1 gc, windows-amd64)
# Problematic frame:
# C  [libswipl.dll+0x2b10]
#
# No core dump will be written. Minidumps are not enabled by default on client versions of Windows
#
# If you would like to submit a bug report, please visit:
#   https://bugreport.java.com/bugreport/crash.jsp
# The crash happened outside the Java Virtual Machine in native code.
# See problematic frame for where to report the bug.
#

---------------  S U M M A R Y ------------

Command Line: -Djava.library.path=C:\Program Files\swipl\bin -Dfile.encoding=Cp1252 Logico.main

Host: Intel(R) Core(TM) i7-2600 CPU @ 3.40GHz, 8 cores, 7G,  Windows 10 , 64 bit Build 19041 (10.0.19041.292)
Time: Sun Aug  2 18:17:03 2020 Hora estándar oeste, Sudamérica elapsed time: 0 seconds (0d 0h 0m 0s)

---------------  T H R E A D  ---------------

Current thread (0x0000024758873000):  JavaThread "main" [_thread_in_native, id=9980, stack(0x000000d318300000,0x000000d318400000)]

Stack: [0x000000d318300000,0x000000d318400000],  sp=0x000000d3183fefe0,  free space=1019k
Native frames: (J=compiled Java code, j=interpreted, Vv=VM code, C=native code)
C  [libswipl.dll+0x2b10]

Java frames: (J=compiled Java code, j=interpreted, Vv=VM code)
j  org.jpl7.fli.Prolog.open_query(Lorg/jpl7/fli/module_t;ILorg/jpl7/fli/predicate_t;Lorg/jpl7/fli/term_t;)Lorg/jpl7/fli/qid_t;+0
j  org.jpl7.Query.open()V+237
j  org.jpl7.Util.textToTerm(Ljava/lang/String;)Lorg/jpl7/Term;+57
j  org.jpl7.Query.<init>(Ljava/lang/String;)V+2
j  Logico.main.main([Ljava/lang/String;)V+6
v  ~StubRoutines::call_stub

siginfo: EXCEPTION_ACCESS_VIOLATION (0xc0000005), reading address 0x00000000794c1d60


Register to memory mapping:

RIP=0x000000005c282b10 libswipl.dll
RAX=0x000000005c3a7de0 libswipl.dll
RBX=0x0000000000000008 is an unknown value
RCX=0x000000000000001f is an unknown value
RDX=0x0000000000000008 is an unknown value
RSP=0x000000d3183fefe0 is pointing into the stack for thread: 0x0000024758873000
RBP=0x0000000078f972d0 is an unknown value
RSI=0x00000000794c1d60 is an unknown value
RDI=0x000000d3183ff158 is pointing into the stack for thread: 0x0000024758873000
R8 =0x00000000794c1d60 is an unknown value
R9 =0x0000000000000016 is an unknown value
R10=0x0000024778f7bf70 points into unknown readable memory: dd 22 ed 04 03 00 00 00
R11=0x0000000000000003 is an unknown value
R12=0x0000024778f7bfb0 points into unknown readable memory: 90 c2 f7 78 47 02 00 00
R13={method} {0x00000247785df9b0} 'open_query' '(Lorg/jpl7/fli/module_t;ILorg/jpl7/fli/predicate_t;Lorg/jpl7/fli/term_t;)Lorg/jpl7/fli/qid_t;' in 'org/jpl7/fli/Prolog'
R14=0x000000005c3a7de0 libswipl.dll
R15=0x0000000000000016 is an unknown value


Registers:
RAX=0x000000005c3a7de0, RBX=0x0000000000000008, RCX=0x000000000000001f, RDX=0x0000000000000008
RSP=0x000000d3183fefe0, RBP=0x0000000078f972d0, RSI=0x00000000794c1d60, RDI=0x000000d3183ff158
R8 =0x00000000794c1d60, R9 =0x0000000000000016, R10=0x0000024778f7bf70, R11=0x0000000000000003
R12=0x0000024778f7bfb0, R13=0x00000247785df9a8, R14=0x000000005c3a7de0, R15=0x0000000000000016
RIP=0x000000005c282b10, EFLAGS=0x0000000000010246

Top of Stack: (sp=0x000000d3183fefe0)
0x000000d3183fefe0:   0000024758873870 0000003800000003
0x000000d3183feff0:   0000000000000000 0000024758873000
0x000000d3183ff000:   00000247785df9a8 0000000000000000
0x000000d3183ff010:   0000024761059f00 0000024758873310
0x000000d3183ff020:   00000000794c1d60 000000d3183ff158
0x000000d3183ff030:   0000000078f972d0 0000000000000008
0x000000d3183ff040:   00000247785df9a8 000000d3183ff170
0x000000d3183ff050:   0000024758873000 000000005bfa84ea
0x000000d3183ff060:   0000000078f972d0 0000024758873000
0x000000d3183ff070:   0000024761059f00 000002476105f1e0
0x000000d3183ff080:   00000247785df9a8 00000247781df9b0
0x000000d3183ff090:   0000024761059f00 000000d3183ff138
0x000000d3183ff0a0:   0000000000000000 000002476105f397
0x000000d3183ff0b0:   0000024761059f00 000002476105f07c
0x000000d3183ff0c0:   00000247785df9a8 00000247781df9b0
0x000000d3183ff0d0:   000000d3183ff160 000000d3183ff158 

Instructions: (pc=0x000000005c282b10)
0x000000005c282a10:   89 4d 10 48 83 c4 20 5b 5e 5f 5d 41 5c c3 66 90
0x000000005c282a20:   55 57 56 53 48 83 ec 28 48 8b 05 d1 ad 10 00 48
0x000000005c282a30:   89 d3 48 89 ce 48 89 df 8b 08 ff 15 e8 a7 12 00
0x000000005c282a40:   48 83 c9 ff 48 89 c5 31 c0 f2 ae 48 f7 d1 48 8d
0x000000005c282a50:   51 ff 48 89 d9 e8 66 62 03 00 4c 8b 45 48 48 89
0x000000005c282a60:   c1 49 89 04 f0 e8 c6 6a 03 00 b8 01 00 00 00 48
0x000000005c282a70:   83 c4 28 5b 5e 5f 5d c3 0f 1f 84 00 00 00 00 00
0x000000005c282a80:   57 56 53 48 83 ec 20 48 8b 05 62 ad 10 00 89 cf
0x000000005c282a90:   48 89 d6 48 8b 98 88 14 00 00 48 85 db 0f 85 f1
0x000000005c282aa0:   eb 03 00 48 83 c4 20 5b 5e 5f c3 0f 1f 44 00 00
0x000000005c282ab0:   41 57 41 56 41 55 41 54 55 57 56 53 48 83 ec 38
0x000000005c282ac0:   48 8b 05 39 ad 10 00 48 89 8c 24 80 00 00 00 89
0x000000005c282ad0:   d3 4c 89 c6 4d 89 cf 8b 08 ff 15 49 a7 12 00 83
0x000000005c282ae0:   3d e2 f5 11 00 00 49 89 c6 0f 84 a9 03 00 00 4d
0x000000005c282af0:   8b 56 18 4d 3b 56 08 0f 86 e1 eb 03 00 4d 63 5a
0x000000005c282b00:   04 4f 8d 64 da 28 4d 39 66 50 0f 82 0e ec 03 00
0x000000005c282b10:   48 8b 0e 4c 89 f2 45 31 ed e8 e2 03 00 00 4c 89
0x000000005c282b20:   f2 b9 60 21 00 00 48 89 c7 e8 62 0d 05 00 85 c0
0x000000005c282b30:   0f 84 2f 03 00 00 4d 8b 5e 50 4d 89 dd 41 f6 c5
0x000000005c282b40:   0f 0f 85 32 03 00 00 48 8b 35 a2 ac 10 00 4d 89
0x000000005c282b50:   5d 70 48 8d 15 e7 f4 11 00 49 c7 85 d8 00 00 00
0x000000005c282b60:   00 00 00 00 4d 8d a5 d0 00 00 00 48 8b 86 38 18
0x000000005c282b70:   00 00 48 8b 08 49 c7 85 d0 00 00 00 00 00 00 00
0x000000005c282b80:   49 89 95 e0 00 00 00 49 89 8d e8 00 00 00 41 83
0x000000005c282b90:   be 50 05 00 00 00 0f 85 6e eb 03 00 49 c7 85 f8
0x000000005c282ba0:   00 00 00 00 00 00 00 49 8b 4e 08 48 85 c9 0f 84
0x000000005c282bb0:   ce 02 00 00 44 8b 41 38 41 83 c0 01 45 89 85 08
0x000000005c282bc0:   01 00 00 4d 8b 4e 08 45 8b 51 3c 41 81 e2 4c fe
0x000000005c282bd0:   ff ff 45 89 95 0c 01 00 00 41 8b 85 08 01 00 00
0x000000005c282be0:   41 8b 95 0c 01 00 00 4d 8d 9d 10 01 00 00 4d 89
0x000000005c282bf0:   a5 18 01 00 00 4c 89 5c 24 28 83 c0 01 81 e2 4c
0x000000005c282c00:   fe ff ff 41 89 85 48 01 00 00 41 89 95 4c 01 00 


Stack slot to memory mapping:
stack at sp + 0 slots: 0x0000024758873870 points into unknown readable memory: 90 7a b2 34 fa 7f 00 00
stack at sp + 1 slots: 0x0000003800000003 is an unknown value
stack at sp + 2 slots: 0x0 is NULL
stack at sp + 3 slots: 0x0000024758873000 is a thread
stack at sp + 4 slots: {method} {0x00000247785df9b0} 'open_query' '(Lorg/jpl7/fli/module_t;ILorg/jpl7/fli/predicate_t;Lorg/jpl7/fli/term_t;)Lorg/jpl7/fli/qid_t;' in 'org/jpl7/fli/Prolog'
stack at sp + 5 slots: 0x0 is NULL
stack at sp + 6 slots: 0x0000024761059f00 is at code_begin+1664 in an Interpreter codelet
invoke return entry points  [0x0000024761059880, 0x000002476105a2a0]  2592 bytes
stack at sp + 7 slots: 0x0000024758873310 points into unknown readable memory: a0 1a d5 34 fa 7f 00 00


---------------  P R O C E S S  ---------------

Threads class SMR info:
_java_thread_list=0x0000024778c4faa0, length=11, elements={
0x0000024758873000, 0x000002477815d800, 0x000002477815f000, 0x000002477817a800,
0x000002477817d800, 0x0000024778184000, 0x0000024778193000, 0x00000247781b4000,
0x0000024778b34800, 0x0000024778b32000, 0x0000024778b31000
}

Java Threads: ( => current thread )
=>0x0000024758873000 JavaThread "main" [_thread_in_native, id=9980, stack(0x000000d318300000,0x000000d318400000)]
  0x000002477815d800 JavaThread "Reference Handler" daemon [_thread_blocked, id=12716, stack(0x000000d318a00000,0x000000d318b00000)]
  0x000002477815f000 JavaThread "Finalizer" daemon [_thread_blocked, id=12848, stack(0x000000d318b00000,0x000000d318c00000)]
  0x000002477817a800 JavaThread "Signal Dispatcher" daemon [_thread_blocked, id=12368, stack(0x000000d318c00000,0x000000d318d00000)]
  0x000002477817d800 JavaThread "Attach Listener" daemon [_thread_blocked, id=17048, stack(0x000000d318d00000,0x000000d318e00000)]
  0x0000024778184000 JavaThread "Service Thread" daemon [_thread_blocked, id=12948, stack(0x000000d318e00000,0x000000d318f00000)]
  0x0000024778193000 JavaThread "C2 CompilerThread0" daemon [_thread_blocked, id=16060, stack(0x000000d318f00000,0x000000d319000000)]
  0x00000247781b4000 JavaThread "C1 CompilerThread0" daemon [_thread_blocked, id=7556, stack(0x000000d319000000,0x000000d319100000)]
  0x0000024778b34800 JavaThread "Sweeper thread" daemon [_thread_blocked, id=7540, stack(0x000000d319100000,0x000000d319200000)]
  0x0000024778b32000 JavaThread "Notification Thread" daemon [_thread_blocked, id=216, stack(0x000000d319200000,0x000000d319300000)]
  0x0000024778b31000 JavaThread "Common-Cleaner" daemon [_thread_blocked, id=16788, stack(0x000000d319400000,0x000000d319500000)]

Other Threads:
  0x000002477815a000 VMThread "VM Thread" [stack: 0x000000d318900000,0x000000d318a00000] [id=5436]
  0x0000024778c6e000 WatcherThread [stack: 0x000000d319300000,0x000000d319400000] [id=16240]
  0x00000247588ba000 GCTaskThread "GC Thread#0" [stack: 0x000000d318400000,0x000000d318500000] [id=788]
  0x00000247588cd800 ConcurrentGCThread "G1 Main Marker" [stack: 0x000000d318500000,0x000000d318600000] [id=8732]
  0x00000247588cf800 ConcurrentGCThread "G1 Conc#0" [stack: 0x000000d318600000,0x000000d318700000] [id=16708]
  0x0000024777fd0800 ConcurrentGCThread "G1 Refine#0" [stack: 0x000000d318700000,0x000000d318800000] [id=15596]
  0x000002475895c800 ConcurrentGCThread "G1 Young RemSet Sampling" [stack: 0x000000d318800000,0x000000d318900000] [id=15132]

Threads with active compile tasks:

VM state:not at safepoint (normal execution)

VM Mutex/Monitor currently owned by a thread: None

Heap address: 0x0000000080400000, size: 2044 MB, Compressed Oops mode: 32-bit
Narrow klass base: 0x0000000800000000, Narrow klass shift: 3
Compressed class space size: 1073741824 Address: 0x0000000800b30000

Heap:
 garbage-first heap   total 131072K, used 1024K [0x0000000080400000, 0x0000000100000000)
  region size 1024K, 2 young (2048K), 0 survivors (0K)
 Metaspace       used 579K, capacity 4691K, committed 4864K, reserved 1056768K
  class space    used 55K, capacity 435K, committed 512K, reserved 1048576K
Heap Regions: E=young(eden), S=young(survivor), O=old, HS=humongous(starts), HC=humongous(continues), CS=collection set, F=free, OA=open archive, CA=closed archive, TAMS=top-at-mark-start (previous, next)
|   0|0x0000000080400000, 0x0000000080400000, 0x0000000080500000|  0%| F|  |TAMS 0x0000000080400000, 0x0000000080400000| Untracked 
|   1|0x0000000080500000, 0x0000000080500000, 0x0000000080600000|  0%| F|  |TAMS 0x0000000080500000, 0x0000000080500000| Untracked 
|   2|0x0000000080600000, 0x0000000080600000, 0x0000000080700000|  0%| F|  |TAMS 0x0000000080600000, 0x0000000080600000| Untracked 
|   3|0x0000000080700000, 0x0000000080700000, 0x0000000080800000|  0%| F|  |TAMS 0x0000000080700000, 0x0000000080700000| Untracked 
|   4|0x0000000080800000, 0x0000000080800000, 0x0000000080900000|  0%| F|  |TAMS 0x0000000080800000, 0x0000000080800000| Untracked 
|   5|0x0000000080900000, 0x0000000080900000, 0x0000000080a00000|  0%| F|  |TAMS 0x0000000080900000, 0x0000000080900000| Untracked 
|   6|0x0000000080a00000, 0x0000000080a00000, 0x0000000080b00000|  0%| F|  |TAMS 0x0000000080a00000, 0x0000000080a00000| Untracked 
|   7|0x0000000080b00000, 0x0000000080b00000, 0x0000000080c00000|  0%| F|  |TAMS 0x0000000080b00000, 0x0000000080b00000| Untracked 
|   8|0x0000000080c00000, 0x0000000080c00000, 0x0000000080d00000|  0%| F|  |TAMS 0x0000000080c00000, 0x0000000080c00000| Untracked 
|   9|0x0000000080d00000, 0x0000000080d00000, 0x0000000080e00000|  0%| F|  |TAMS 0x0000000080d00000, 0x0000000080d00000| Untracked 
|  10|0x0000000080e00000, 0x0000000080e00000, 0x0000000080f00000|  0%| F|  |TAMS 0x0000000080e00000, 0x0000000080e00000| Untracked 
|  11|0x0000000080f00000, 0x0000000080f00000, 0x0000000081000000|  0%| F|  |TAMS 0x0000000080f00000, 0x0000000080f00000| Untracked 
|  12|0x0000000081000000, 0x0000000081000000, 0x0000000081100000|  0%| F|  |TAMS 0x0000000081000000, 0x0000000081000000| Untracked 
|  13|0x0000000081100000, 0x0000000081100000, 0x0000000081200000|  0%| F|  |TAMS 0x0000000081100000, 0x0000000081100000| Untracked 
|  14|0x0000000081200000, 0x0000000081200000, 0x0000000081300000|  0%| F|  |TAMS 0x0000000081200000, 0x0000000081200000| Untracked 
|  15|0x0000000081300000, 0x0000000081300000, 0x0000000081400000|  0%| F|  |TAMS 0x0000000081300000, 0x0000000081300000| Untracked 
|  16|0x0000000081400000, 0x0000000081400000, 0x0000000081500000|  0%| F|  |TAMS 0x0000000081400000, 0x0000000081400000| Untracked 
|  17|0x0000000081500000, 0x0000000081500000, 0x0000000081600000|  0%| F|  |TAMS 0x0000000081500000, 0x0000000081500000| Untracked 
|  18|0x0000000081600000, 0x0000000081600000, 0x0000000081700000|  0%| F|  |TAMS 0x0000000081600000, 0x0000000081600000| Untracked 
|  19|0x0000000081700000, 0x0000000081700000, 0x0000000081800000|  0%| F|  |TAMS 0x0000000081700000, 0x0000000081700000| Untracked 
|  20|0x0000000081800000, 0x0000000081800000, 0x0000000081900000|  0%| F|  |TAMS 0x0000000081800000, 0x0000000081800000| Untracked 
|  21|0x0000000081900000, 0x0000000081900000, 0x0000000081a00000|  0%| F|  |TAMS 0x0000000081900000, 0x0000000081900000| Untracked 
|  22|0x0000000081a00000, 0x0000000081a00000, 0x0000000081b00000|  0%| F|  |TAMS 0x0000000081a00000, 0x0000000081a00000| Untracked 
|  23|0x0000000081b00000, 0x0000000081b00000, 0x0000000081c00000|  0%| F|  |TAMS 0x0000000081b00000, 0x0000000081b00000| Untracked 
|  24|0x0000000081c00000, 0x0000000081c00000, 0x0000000081d00000|  0%| F|  |TAMS 0x0000000081c00000, 0x0000000081c00000| Untracked 
|  25|0x0000000081d00000, 0x0000000081d00000, 0x0000000081e00000|  0%| F|  |TAMS 0x0000000081d00000, 0x0000000081d00000| Untracked 
|  26|0x0000000081e00000, 0x0000000081e00000, 0x0000000081f00000|  0%| F|  |TAMS 0x0000000081e00000, 0x0000000081e00000| Untracked 
|  27|0x0000000081f00000, 0x0000000081f00000, 0x0000000082000000|  0%| F|  |TAMS 0x0000000081f00000, 0x0000000081f00000| Untracked 
|  28|0x0000000082000000, 0x0000000082000000, 0x0000000082100000|  0%| F|  |TAMS 0x0000000082000000, 0x0000000082000000| Untracked 
|  29|0x0000000082100000, 0x0000000082100000, 0x0000000082200000|  0%| F|  |TAMS 0x0000000082100000, 0x0000000082100000| Untracked 
|  30|0x0000000082200000, 0x0000000082200000, 0x0000000082300000|  0%| F|  |TAMS 0x0000000082200000, 0x0000000082200000| Untracked 
|  31|0x0000000082300000, 0x0000000082300000, 0x0000000082400000|  0%| F|  |TAMS 0x0000000082300000, 0x0000000082300000| Untracked 
|  32|0x0000000082400000, 0x0000000082400000, 0x0000000082500000|  0%| F|  |TAMS 0x0000000082400000, 0x0000000082400000| Untracked 
|  33|0x0000000082500000, 0x0000000082500000, 0x0000000082600000|  0%| F|  |TAMS 0x0000000082500000, 0x0000000082500000| Untracked 
|  34|0x0000000082600000, 0x0000000082600000, 0x0000000082700000|  0%| F|  |TAMS 0x0000000082600000, 0x0000000082600000| Untracked 
|  35|0x0000000082700000, 0x0000000082700000, 0x0000000082800000|  0%| F|  |TAMS 0x0000000082700000, 0x0000000082700000| Untracked 
|  36|0x0000000082800000, 0x0000000082800000, 0x0000000082900000|  0%| F|  |TAMS 0x0000000082800000, 0x0000000082800000| Untracked 
|  37|0x0000000082900000, 0x0000000082900000, 0x0000000082a00000|  0%| F|  |TAMS 0x0000000082900000, 0x0000000082900000| Untracked 
|  38|0x0000000082a00000, 0x0000000082a00000, 0x0000000082b00000|  0%| F|  |TAMS 0x0000000082a00000, 0x0000000082a00000| Untracked 
|  39|0x0000000082b00000, 0x0000000082b00000, 0x0000000082c00000|  0%| F|  |TAMS 0x0000000082b00000, 0x0000000082b00000| Untracked 
|  40|0x0000000082c00000, 0x0000000082c00000, 0x0000000082d00000|  0%| F|  |TAMS 0x0000000082c00000, 0x0000000082c00000| Untracked 
|  41|0x0000000082d00000, 0x0000000082d00000, 0x0000000082e00000|  0%| F|  |TAMS 0x0000000082d00000, 0x0000000082d00000| Untracked 
|  42|0x0000000082e00000, 0x0000000082e00000, 0x0000000082f00000|  0%| F|  |TAMS 0x0000000082e00000, 0x0000000082e00000| Untracked 
|  43|0x0000000082f00000, 0x0000000082f00000, 0x0000000083000000|  0%| F|  |TAMS 0x0000000082f00000, 0x0000000082f00000| Untracked 
|  44|0x0000000083000000, 0x0000000083000000, 0x0000000083100000|  0%| F|  |TAMS 0x0000000083000000, 0x0000000083000000| Untracked 
|  45|0x0000000083100000, 0x0000000083100000, 0x0000000083200000|  0%| F|  |TAMS 0x0000000083100000, 0x0000000083100000| Untracked 
|  46|0x0000000083200000, 0x0000000083200000, 0x0000000083300000|  0%| F|  |TAMS 0x0000000083200000, 0x0000000083200000| Untracked 
|  47|0x0000000083300000, 0x0000000083300000, 0x0000000083400000|  0%| F|  |TAMS 0x0000000083300000, 0x0000000083300000| Untracked 
|  48|0x0000000083400000, 0x0000000083400000, 0x0000000083500000|  0%| F|  |TAMS 0x0000000083400000, 0x0000000083400000| Untracked 
|  49|0x0000000083500000, 0x0000000083500000, 0x0000000083600000|  0%| F|  |TAMS 0x0000000083500000, 0x0000000083500000| Untracked 
|  50|0x0000000083600000, 0x0000000083600000, 0x0000000083700000|  0%| F|  |TAMS 0x0000000083600000, 0x0000000083600000| Untracked 
|  51|0x0000000083700000, 0x0000000083700000, 0x0000000083800000|  0%| F|  |TAMS 0x0000000083700000, 0x0000000083700000| Untracked 
|  52|0x0000000083800000, 0x0000000083800000, 0x0000000083900000|  0%| F|  |TAMS 0x0000000083800000, 0x0000000083800000| Untracked 
|  53|0x0000000083900000, 0x0000000083900000, 0x0000000083a00000|  0%| F|  |TAMS 0x0000000083900000, 0x0000000083900000| Untracked 
|  54|0x0000000083a00000, 0x0000000083a00000, 0x0000000083b00000|  0%| F|  |TAMS 0x0000000083a00000, 0x0000000083a00000| Untracked 
|  55|0x0000000083b00000, 0x0000000083b00000, 0x0000000083c00000|  0%| F|  |TAMS 0x0000000083b00000, 0x0000000083b00000| Untracked 
|  56|0x0000000083c00000, 0x0000000083c00000, 0x0000000083d00000|  0%| F|  |TAMS 0x0000000083c00000, 0x0000000083c00000| Untracked 
|  57|0x0000000083d00000, 0x0000000083d00000, 0x0000000083e00000|  0%| F|  |TAMS 0x0000000083d00000, 0x0000000083d00000| Untracked 
|  58|0x0000000083e00000, 0x0000000083e00000, 0x0000000083f00000|  0%| F|  |TAMS 0x0000000083e00000, 0x0000000083e00000| Untracked 
|  59|0x0000000083f00000, 0x0000000083f00000, 0x0000000084000000|  0%| F|  |TAMS 0x0000000083f00000, 0x0000000083f00000| Untracked 
|  60|0x0000000084000000, 0x0000000084000000, 0x0000000084100000|  0%| F|  |TAMS 0x0000000084000000, 0x0000000084000000| Untracked 
|  61|0x0000000084100000, 0x0000000084100000, 0x0000000084200000|  0%| F|  |TAMS 0x0000000084100000, 0x0000000084100000| Untracked 
|  62|0x0000000084200000, 0x0000000084200000, 0x0000000084300000|  0%| F|  |TAMS 0x0000000084200000, 0x0000000084200000| Untracked 
|  63|0x0000000084300000, 0x0000000084300000, 0x0000000084400000|  0%| F|  |TAMS 0x0000000084300000, 0x0000000084300000| Untracked 
|  64|0x0000000084400000, 0x0000000084400000, 0x0000000084500000|  0%| F|  |TAMS 0x0000000084400000, 0x0000000084400000| Untracked 
|  65|0x0000000084500000, 0x0000000084500000, 0x0000000084600000|  0%| F|  |TAMS 0x0000000084500000, 0x0000000084500000| Untracked 
|  66|0x0000000084600000, 0x0000000084600000, 0x0000000084700000|  0%| F|  |TAMS 0x0000000084600000, 0x0000000084600000| Untracked 
|  67|0x0000000084700000, 0x0000000084700000, 0x0000000084800000|  0%| F|  |TAMS 0x0000000084700000, 0x0000000084700000| Untracked 
|  68|0x0000000084800000, 0x0000000084800000, 0x0000000084900000|  0%| F|  |TAMS 0x0000000084800000, 0x0000000084800000| Untracked 
|  69|0x0000000084900000, 0x0000000084900000, 0x0000000084a00000|  0%| F|  |TAMS 0x0000000084900000, 0x0000000084900000| Untracked 
|  70|0x0000000084a00000, 0x0000000084a00000, 0x0000000084b00000|  0%| F|  |TAMS 0x0000000084a00000, 0x0000000084a00000| Untracked 
|  71|0x0000000084b00000, 0x0000000084b00000, 0x0000000084c00000|  0%| F|  |TAMS 0x0000000084b00000, 0x0000000084b00000| Untracked 
|  72|0x0000000084c00000, 0x0000000084c00000, 0x0000000084d00000|  0%| F|  |TAMS 0x0000000084c00000, 0x0000000084c00000| Untracked 
|  73|0x0000000084d00000, 0x0000000084d00000, 0x0000000084e00000|  0%| F|  |TAMS 0x0000000084d00000, 0x0000000084d00000| Untracked 
|  74|0x0000000084e00000, 0x0000000084e00000, 0x0000000084f00000|  0%| F|  |TAMS 0x0000000084e00000, 0x0000000084e00000| Untracked 
|  75|0x0000000084f00000, 0x0000000084f00000, 0x0000000085000000|  0%| F|  |TAMS 0x0000000084f00000, 0x0000000084f00000| Untracked 
|  76|0x0000000085000000, 0x0000000085000000, 0x0000000085100000|  0%| F|  |TAMS 0x0000000085000000, 0x0000000085000000| Untracked 
|  77|0x0000000085100000, 0x0000000085100000, 0x0000000085200000|  0%| F|  |TAMS 0x0000000085100000, 0x0000000085100000| Untracked 
|  78|0x0000000085200000, 0x0000000085200000, 0x0000000085300000|  0%| F|  |TAMS 0x0000000085200000, 0x0000000085200000| Untracked 
|  79|0x0000000085300000, 0x0000000085300000, 0x0000000085400000|  0%| F|  |TAMS 0x0000000085300000, 0x0000000085300000| Untracked 
|  80|0x0000000085400000, 0x0000000085400000, 0x0000000085500000|  0%| F|  |TAMS 0x0000000085400000, 0x0000000085400000| Untracked 
|  81|0x0000000085500000, 0x0000000085500000, 0x0000000085600000|  0%| F|  |TAMS 0x0000000085500000, 0x0000000085500000| Untracked 
|  82|0x0000000085600000, 0x0000000085600000, 0x0000000085700000|  0%| F|  |TAMS 0x0000000085600000, 0x0000000085600000| Untracked 
|  83|0x0000000085700000, 0x0000000085700000, 0x0000000085800000|  0%| F|  |TAMS 0x0000000085700000, 0x0000000085700000| Untracked 
|  84|0x0000000085800000, 0x0000000085800000, 0x0000000085900000|  0%| F|  |TAMS 0x0000000085800000, 0x0000000085800000| Untracked 
|  85|0x0000000085900000, 0x0000000085900000, 0x0000000085a00000|  0%| F|  |TAMS 0x0000000085900000, 0x0000000085900000| Untracked 
|  86|0x0000000085a00000, 0x0000000085a00000, 0x0000000085b00000|  0%| F|  |TAMS 0x0000000085a00000, 0x0000000085a00000| Untracked 
|  87|0x0000000085b00000, 0x0000000085b00000, 0x0000000085c00000|  0%| F|  |TAMS 0x0000000085b00000, 0x0000000085b00000| Untracked 
|  88|0x0000000085c00000, 0x0000000085c00000, 0x0000000085d00000|  0%| F|  |TAMS 0x0000000085c00000, 0x0000000085c00000| Untracked 
|  89|0x0000000085d00000, 0x0000000085d00000, 0x0000000085e00000|  0%| F|  |TAMS 0x0000000085d00000, 0x0000000085d00000| Untracked 
|  90|0x0000000085e00000, 0x0000000085e00000, 0x0000000085f00000|  0%| F|  |TAMS 0x0000000085e00000, 0x0000000085e00000| Untracked 
|  91|0x0000000085f00000, 0x0000000085f00000, 0x0000000086000000|  0%| F|  |TAMS 0x0000000085f00000, 0x0000000085f00000| Untracked 
|  92|0x0000000086000000, 0x0000000086000000, 0x0000000086100000|  0%| F|  |TAMS 0x0000000086000000, 0x0000000086000000| Untracked 
|  93|0x0000000086100000, 0x0000000086100000, 0x0000000086200000|  0%| F|  |TAMS 0x0000000086100000, 0x0000000086100000| Untracked 
|  94|0x0000000086200000, 0x0000000086200000, 0x0000000086300000|  0%| F|  |TAMS 0x0000000086200000, 0x0000000086200000| Untracked 
|  95|0x0000000086300000, 0x0000000086300000, 0x0000000086400000|  0%| F|  |TAMS 0x0000000086300000, 0x0000000086300000| Untracked 
|  96|0x0000000086400000, 0x0000000086400000, 0x0000000086500000|  0%| F|  |TAMS 0x0000000086400000, 0x0000000086400000| Untracked 
|  97|0x0000000086500000, 0x0000000086500000, 0x0000000086600000|  0%| F|  |TAMS 0x0000000086500000, 0x0000000086500000| Untracked 
|  98|0x0000000086600000, 0x0000000086600000, 0x0000000086700000|  0%| F|  |TAMS 0x0000000086600000, 0x0000000086600000| Untracked 
|  99|0x0000000086700000, 0x0000000086700000, 0x0000000086800000|  0%| F|  |TAMS 0x0000000086700000, 0x0000000086700000| Untracked 
| 100|0x0000000086800000, 0x0000000086800000, 0x0000000086900000|  0%| F|  |TAMS 0x0000000086800000, 0x0000000086800000| Untracked 
| 101|0x0000000086900000, 0x0000000086900000, 0x0000000086a00000|  0%| F|  |TAMS 0x0000000086900000, 0x0000000086900000| Untracked 
| 102|0x0000000086a00000, 0x0000000086a00000, 0x0000000086b00000|  0%| F|  |TAMS 0x0000000086a00000, 0x0000000086a00000| Untracked 
| 103|0x0000000086b00000, 0x0000000086b00000, 0x0000000086c00000|  0%| F|  |TAMS 0x0000000086b00000, 0x0000000086b00000| Untracked 
| 104|0x0000000086c00000, 0x0000000086c00000, 0x0000000086d00000|  0%| F|  |TAMS 0x0000000086c00000, 0x0000000086c00000| Untracked 
| 105|0x0000000086d00000, 0x0000000086d00000, 0x0000000086e00000|  0%| F|  |TAMS 0x0000000086d00000, 0x0000000086d00000| Untracked 
| 106|0x0000000086e00000, 0x0000000086e00000, 0x0000000086f00000|  0%| F|  |TAMS 0x0000000086e00000, 0x0000000086e00000| Untracked 
| 107|0x0000000086f00000, 0x0000000086f00000, 0x0000000087000000|  0%| F|  |TAMS 0x0000000086f00000, 0x0000000086f00000| Untracked 
| 108|0x0000000087000000, 0x0000000087000000, 0x0000000087100000|  0%| F|  |TAMS 0x0000000087000000, 0x0000000087000000| Untracked 
| 109|0x0000000087100000, 0x0000000087100000, 0x0000000087200000|  0%| F|  |TAMS 0x0000000087100000, 0x0000000087100000| Untracked 
| 110|0x0000000087200000, 0x0000000087200000, 0x0000000087300000|  0%| F|  |TAMS 0x0000000087200000, 0x0000000087200000| Untracked 
| 111|0x0000000087300000, 0x0000000087300000, 0x0000000087400000|  0%| F|  |TAMS 0x0000000087300000, 0x0000000087300000| Untracked 
| 112|0x0000000087400000, 0x0000000087400000, 0x0000000087500000|  0%| F|  |TAMS 0x0000000087400000, 0x0000000087400000| Untracked 
| 113|0x0000000087500000, 0x0000000087500000, 0x0000000087600000|  0%| F|  |TAMS 0x0000000087500000, 0x0000000087500000| Untracked 
| 114|0x0000000087600000, 0x0000000087600000, 0x0000000087700000|  0%| F|  |TAMS 0x0000000087600000, 0x0000000087600000| Untracked 
| 115|0x0000000087700000, 0x0000000087700000, 0x0000000087800000|  0%| F|  |TAMS 0x0000000087700000, 0x0000000087700000| Untracked 
| 116|0x0000000087800000, 0x0000000087800000, 0x0000000087900000|  0%| F|  |TAMS 0x0000000087800000, 0x0000000087800000| Untracked 
| 117|0x0000000087900000, 0x0000000087900000, 0x0000000087a00000|  0%| F|  |TAMS 0x0000000087900000, 0x0000000087900000| Untracked 
| 118|0x0000000087a00000, 0x0000000087a00000, 0x0000000087b00000|  0%| F|  |TAMS 0x0000000087a00000, 0x0000000087a00000| Untracked 
| 119|0x0000000087b00000, 0x0000000087b00000, 0x0000000087c00000|  0%| F|  |TAMS 0x0000000087b00000, 0x0000000087b00000| Untracked 
| 120|0x0000000087c00000, 0x0000000087c00000, 0x0000000087d00000|  0%| F|  |TAMS 0x0000000087c00000, 0x0000000087c00000| Untracked 
| 121|0x0000000087d00000, 0x0000000087d00000, 0x0000000087e00000|  0%| F|  |TAMS 0x0000000087d00000, 0x0000000087d00000| Untracked 
| 122|0x0000000087e00000, 0x0000000087e00000, 0x0000000087f00000|  0%| F|  |TAMS 0x0000000087e00000, 0x0000000087e00000| Untracked 
| 123|0x0000000087f00000, 0x0000000087f00000, 0x0000000088000000|  0%| F|  |TAMS 0x0000000087f00000, 0x0000000087f00000| Untracked 
| 124|0x0000000088000000, 0x0000000088000000, 0x0000000088100000|  0%| F|  |TAMS 0x0000000088000000, 0x0000000088000000| Untracked 
| 125|0x0000000088100000, 0x0000000088100000, 0x0000000088200000|  0%| F|  |TAMS 0x0000000088100000, 0x0000000088100000| Untracked 
| 126|0x0000000088200000, 0x00000000882ec260, 0x0000000088300000| 92%| E|  |TAMS 0x0000000088200000, 0x0000000088200000| Complete 
| 127|0x0000000088300000, 0x0000000088400000, 0x0000000088400000|100%| E|CS|TAMS 0x0000000088300000, 0x0000000088300000| Complete 

Card table byte_map: [0x0000024770ed0000,0x00000247712d0000] _byte_map_base: 0x0000024770ace000

Marking Bits (Prev, Next): (CMBitMap*) 0x00000247588bb048, (CMBitMap*) 0x00000247588bb088
 Prev Bits: [0x00000247716d0000, 0x00000247736c0000)
 Next Bits: [0x00000247736c0000, 0x00000247756b0000)

Polling page: 0x0000024761030000

Metaspace:

Usage:
  Non-class:      4.16 MB capacity,   524.48 KB ( 12%) used,     3.64 MB ( 88%) free+waste,     1.44 KB ( <1%) overhead. 
      Class:    435.00 KB capacity,    55.30 KB ( 13%) used,   378.63 KB ( 87%) free+waste,     1.06 KB ( <1%) overhead. 
       Both:      4.58 MB capacity,   579.79 KB ( 12%) used,     4.01 MB ( 88%) free+waste,     2.50 KB ( <1%) overhead. 

Virtual space:
  Non-class space:        8.00 MB reserved,       4.25 MB ( 53%) committed 
      Class space:        1.00 GB reserved,     512.00 KB ( <1%) committed 
             Both:        1.01 GB reserved,       4.75 MB ( <1%) committed 

Chunk freelists:
   Non-Class:  32.00 KB
       Class:  13.00 KB
        Both:  45.00 KB

MaxMetaspaceSize: 17179869184.00 GB
CompressedClassSpaceSize: 1.00 GB

CodeHeap 'non-profiled nmethods': size=120000Kb used=56Kb max_used=56Kb free=119944Kb
 bounds [0x0000024768b20000, 0x0000024768d90000, 0x0000024770050000]
CodeHeap 'profiled nmethods': size=120000Kb used=244Kb max_used=244Kb free=119755Kb
 bounds [0x00000247615f0000, 0x0000024761860000, 0x0000024768b20000]
CodeHeap 'non-nmethods': size=5760Kb used=1109Kb max_used=1123Kb free=4650Kb
 bounds [0x0000024761050000, 0x00000247612c0000, 0x00000247615f0000]
 total_blobs=866 nmethods=200 adapters=261
 compilation: enabled
              stopped_count=0, restarted_count=0
 full_count=0

Compilation events (20 events):
Event: 0.115 Thread 0x00000247781b4000  191       1       java.lang.Class::getModule (5 bytes)
Event: 0.115 Thread 0x00000247781b4000 nmethod 191 0x0000024768b2d710 code [0x0000024768b2d8a0, 0x0000024768b2d978]
Event: 0.115 Thread 0x0000024778193000  192       4       java.lang.Object::<init> (1 bytes)
Event: 0.115 Thread 0x00000247781b4000  193       3       java.util.concurrent.ConcurrentHashMap::setTabAt (20 bytes)
Event: 0.115 Thread 0x00000247781b4000 nmethod 193 0x000002476162a610 code [0x000002476162a7c0, 0x000002476162aa58]
Event: 0.115 Thread 0x00000247781b4000  194       3       java.lang.String::lastIndexOf (12 bytes)
Event: 0.115 Thread 0x0000024778193000 nmethod 192 0x0000024768b2da10 code [0x0000024768b2db80, 0x0000024768b2dc38]
Event: 0.116 Thread 0x00000247781b4000 nmethod 194 0x000002476162ab10 code [0x000002476162ad00, 0x000002476162b0f8]
Event: 0.116 Thread 0x00000247781b4000  195       3       java.lang.CharacterData::of (120 bytes)
Event: 0.116 Thread 0x00000247781b4000 nmethod 195 0x000002476162b290 code [0x000002476162b480, 0x000002476162bc18]
Event: 0.116 Thread 0x00000247781b4000  196       3       java.util.zip.ZipUtils::LG (22 bytes)
Event: 0.116 Thread 0x00000247781b4000 nmethod 196 0x000002476162be10 code [0x000002476162bfc0, 0x000002476162c218]
Event: 0.116 Thread 0x00000247781b4000  197       3       java.util.Objects::requireNonNull (15 bytes)
Event: 0.116 Thread 0x00000247781b4000 nmethod 197 0x000002476162c390 code [0x000002476162c540, 0x000002476162c728]
Event: 0.116 Thread 0x00000247781b4000  198       3       java.lang.Class::getName (18 bytes)
Event: 0.116 Thread 0x00000247781b4000 nmethod 198 0x000002476162c810 code [0x000002476162c9c0, 0x000002476162cb68]
Event: 0.116 Thread 0x00000247781b4000  199       3       java.lang.CharacterDataLatin1::toUpperCase (53 bytes)
Event: 0.116 Thread 0x00000247781b4000 nmethod 199 0x000002476162cc10 code [0x000002476162cdc0, 0x000002476162d078]
Event: 0.117 Thread 0x00000247781b4000  200       1       java.net.URL::getFile (5 bytes)
Event: 0.117 Thread 0x00000247781b4000 nmethod 200 0x0000024768b2dd10 code [0x0000024768b2dea0, 0x0000024768b2df78]

GC Heap History (0 events):
No events

Deoptimization events (4 events):
Event: 0.078 Thread 0x0000024758873000 Uncommon trap: trap_request=0xffffff45 fr.pc=0x0000024768b247c0 relative=0x00000000000001e0
Event: 0.079 Thread 0x0000024758873000 Uncommon trap: reason=unstable_if action=reinterpret pc=0x0000024768b247c0 method=java.lang.String.hashCode()I @ 13 c2
Event: 0.079 Thread 0x0000024758873000 DEOPT PACKING pc=0x0000024768b247c0 sp=0x000000d3183fb640
Event: 0.079 Thread 0x0000024758873000 DEOPT UNPACKING pc=0x000002476109912f sp=0x000000d3183fb5d8 mode 2

Classes unloaded (0 events):
No events

Classes redefined (0 events):
No events

Internal exceptions (0 events):
No events

Events (20 events):
Event: 0.068 Executing VM operation: HandshakeAllThreads
Event: 0.068 Executing VM operation: HandshakeAllThreads done
Event: 0.070 loading class java/util/NoSuchElementException
Event: 0.070 loading class java/util/NoSuchElementException done
Event: 0.088 loading class java/lang/invoke/BoundMethodHandle$Species_LL
Event: 0.088 loading class java/lang/invoke/BoundMethodHandle$Species_LL done
Event: 0.096 loading class java/lang/Module$ReflectionData
Event: 0.096 loading class java/lang/Module$ReflectionData done
Event: 0.096 loading class java/lang/WeakPairMap
Event: 0.096 loading class java/lang/WeakPairMap done
Event: 0.096 loading class java/lang/WeakPairMap$Pair
Event: 0.096 loading class java/lang/WeakPairMap$Pair done
Event: 0.096 loading class java/lang/WeakPairMap$Pair$Lookup
Event: 0.096 loading class java/lang/WeakPairMap$Pair$Lookup done
Event: 0.099 Loaded shared library C:\Program Files\Java\jdk-14.0.1\bin\jimage.dll
Event: 0.109 loading class java/lang/ClassLoaderHelper
Event: 0.109 loading class java/lang/ClassLoaderHelper done
Event: 0.111 Loaded shared library C:\Program Files\swipl\bin\jpl.dll
Event: 0.113 Executing VM operation: HandshakeAllThreads
Event: 0.113 Executing VM operation: HandshakeAllThreads done


Dynamic libraries:
0x00007ff78d3b0000 - 0x00007ff78d3bf000 	C:\Program Files\Java\jdk-14.0.1\bin\javaw.exe
0x00007ffa913b0000 - 0x00007ffa915a4000 	C:\Windows\SYSTEM32\ntdll.dll
0x00007ffa900d0000 - 0x00007ffa9018d000 	C:\Windows\System32\KERNEL32.DLL
0x00007ffa8f050000 - 0x00007ffa8f317000 	C:\Windows\System32\KERNELBASE.dll
0x00007ffa8f320000 - 0x00007ffa8f420000 	C:\Windows\System32\ucrtbase.dll
0x00007ffa78b00000 - 0x00007ffa78b15000 	C:\Program Files\Java\jdk-14.0.1\bin\VCRUNTIME140.dll
0x00007ffa78750000 - 0x00007ffa78768000 	C:\Program Files\Java\jdk-14.0.1\bin\jli.dll
0x00007ffa90350000 - 0x00007ffa903fa000 	C:\Windows\System32\ADVAPI32.dll
0x00007ffa8ffc0000 - 0x00007ffa9005e000 	C:\Windows\System32\msvcrt.dll
0x00007ffa90400000 - 0x00007ffa9049b000 	C:\Windows\System32\sechost.dll
0x00007ffa8f420000 - 0x00007ffa8f543000 	C:\Windows\System32\RPCRT4.dll
0x00007ffa904a0000 - 0x00007ffa90640000 	C:\Windows\System32\USER32.dll
0x00007ffa8eb00000 - 0x00007ffa8eb22000 	C:\Windows\System32\win32u.dll
0x00007ffa831a0000 - 0x00007ffa8343a000 	C:\Windows\WinSxS\amd64_microsoft.windows.common-controls_6595b64144ccf1df_6.0.19041.1_none_b555e41d4684ddec\COMCTL32.dll
0x00007ffa8ff80000 - 0x00007ffa8ffaa000 	C:\Windows\System32\GDI32.dll
0x00007ffa8ef40000 - 0x00007ffa8f04a000 	C:\Windows\System32\gdi32full.dll
0x00007ffa8eea0000 - 0x00007ffa8ef3d000 	C:\Windows\System32\msvcp_win.dll
0x00007ffa88980000 - 0x00007ffa8898a000 	C:\Windows\SYSTEM32\VERSION.dll
0x00007ffa90190000 - 0x00007ffa901c0000 	C:\Windows\System32\IMM32.DLL
0x00007ffa3ce10000 - 0x00007ffa3ceab000 	C:\Program Files\Java\jdk-14.0.1\bin\msvcp140.dll
0x00007ffa34390000 - 0x00007ffa34eae000 	C:\Program Files\Java\jdk-14.0.1\bin\server\jvm.dll
0x00007ffa90340000 - 0x00007ffa90348000 	C:\Windows\System32\PSAPI.DLL
0x00007ffa74e10000 - 0x00007ffa74e19000 	C:\Windows\SYSTEM32\WSOCK32.dll
0x00007ffa83160000 - 0x00007ffa83187000 	C:\Windows\SYSTEM32\WINMM.dll
0x00007ffa90270000 - 0x00007ffa902db000 	C:\Windows\System32\WS2_32.dll
0x00007ffa8cab0000 - 0x00007ffa8cac3000 	C:\Windows\SYSTEM32\kernel.appcore.dll
0x00007ffa8a790000 - 0x00007ffa8a79a000 	C:\Program Files\Java\jdk-14.0.1\bin\jimage.dll
0x00007ffa78510000 - 0x00007ffa786f4000 	C:\Windows\SYSTEM32\DBGHELP.DLL
0x00007ffa783f0000 - 0x00007ffa7841c000 	C:\Windows\SYSTEM32\dbgcore.DLL
0x00007ffa8eb60000 - 0x00007ffa8ebdf000 	C:\Windows\System32\bcryptPrimitives.dll
0x00007ffa76c20000 - 0x00007ffa76c45000 	C:\Program Files\Java\jdk-14.0.1\bin\java.dll
0x00007ffa76820000 - 0x00007ffa76836000 	C:\Program Files\Java\jdk-14.0.1\bin\zip.dll
0x00007ffa90730000 - 0x00007ffa90e65000 	C:\Windows\System32\SHELL32.dll
0x00007ffa8ccb0000 - 0x00007ffa8d43f000 	C:\Windows\SYSTEM32\windows.storage.dll
0x00007ffa8f600000 - 0x00007ffa8f953000 	C:\Windows\System32\combase.dll
0x00007ffa8e4b0000 - 0x00007ffa8e4db000 	C:\Windows\SYSTEM32\Wldp.dll
0x00007ffa901c0000 - 0x00007ffa9026e000 	C:\Windows\System32\SHCORE.dll
0x00007ffa906d0000 - 0x00007ffa90725000 	C:\Windows\System32\shlwapi.dll
0x00007ffa8ea40000 - 0x00007ffa8ea5f000 	C:\Windows\SYSTEM32\profapi.dll
0x00007ffa76800000 - 0x00007ffa76819000 	C:\Program Files\Java\jdk-14.0.1\bin\net.dll
0x00007ffa88290000 - 0x00007ffa88390000 	C:\Windows\SYSTEM32\WINHTTP.dll
0x00007ffa8e230000 - 0x00007ffa8e29a000 	C:\Windows\system32\mswsock.dll
0x00007ffa76610000 - 0x00007ffa76622000 	C:\Program Files\Java\jdk-14.0.1\bin\nio.dll
0x000000005bfa0000 - 0x000000005bfb7000 	C:\Program Files\swipl\bin\jpl.dll
0x000000005c280000 - 0x000000005c3b4000 	C:\Program Files\swipl\bin\libswipl.dll
0x000000005c3e0000 - 0x000000005c474000 	C:\Program Files\swipl\bin\libwinpthread-1.dll
0x000000005c1c0000 - 0x000000005c27c000 	C:\Program Files\swipl\bin\libgmp-10.dll
0x000000005c190000 - 0x000000005c1b7000 	C:\Program Files\swipl\bin\zlib1.dll
0x0000000061440000 - 0x00000000614be000 	C:\Program Files\swipl\bin\libgcc_s_seh-1.dll

dbghelp: loaded successfully - version: 4.0.5 - missing functions: none
symbol engine: initialized successfully - sym options: 0x614 - pdb path: .;C:\Program Files\Java\jdk-14.0.1\bin;C:\Windows\SYSTEM32;C:\Windows\WinSxS\amd64_microsoft.windows.common-controls_6595b64144ccf1df_6.0.19041.1_none_b555e41d4684ddec;C:\Program Files\Java\jdk-14.0.1\bin\server;C:\Program Files\swipl\bin

VM Arguments:
jvm_args: -Djava.library.path=C:\Program Files\swipl\bin -Dfile.encoding=Cp1252 
java_command: Logico.main
java_class_path (initial): D:\Archivos\Github\Proyecto-Final-Prolog\SmartHouse\bin;D:\Archivos\Github\Proyecto-Final-Prolog\SmartHouse\lib\jpl.jar
Launcher Type: SUN_STANDARD

[Global flags]
     intx CICompilerCount                          = 4                                         {product} {ergonomic}
     uint ConcGCThreads                            = 2                                         {product} {ergonomic}
     uint G1ConcRefinementThreads                  = 8                                         {product} {ergonomic}
   size_t G1HeapRegionSize                         = 1048576                                   {product} {ergonomic}
    uintx GCDrainStackTargetSize                   = 64                                        {product} {ergonomic}
   size_t InitialHeapSize                          = 134217728                                 {product} {ergonomic}
   size_t MarkStackSize                            = 4194304                                   {product} {ergonomic}
   size_t MaxHeapSize                              = 2143289344                                {product} {ergonomic}
   size_t MaxNewSize                               = 1285554176                                {product} {ergonomic}
   size_t MinHeapDeltaBytes                        = 1048576                                   {product} {ergonomic}
   size_t MinHeapSize                              = 8388608                                   {product} {ergonomic}
    uintx NonNMethodCodeHeapSize                   = 5839372                                {pd product} {ergonomic}
    uintx NonProfiledCodeHeapSize                  = 122909434                              {pd product} {ergonomic}
    uintx ProfiledCodeHeapSize                     = 122909434                              {pd product} {ergonomic}
    uintx ReservedCodeCacheSize                    = 251658240                              {pd product} {ergonomic}
     bool SegmentedCodeCache                       = true                                      {product} {ergonomic}
   size_t SoftMaxHeapSize                          = 2143289344                             {manageable} {ergonomic}
     bool UseCompressedClassPointers               = true                                 {lp64_product} {ergonomic}
     bool UseCompressedOops                        = true                                 {lp64_product} {ergonomic}
     bool UseG1GC                                  = true                                      {product} {ergonomic}
     bool UseLargePagesIndividualAllocation        = false                                  {pd product} {ergonomic}

Logging:
Log output configuration:
 #0: stdout all=warning uptime,level,tags
 #1: stderr all=off uptime,level,tags

Environment Variables:
PATH=C:\Program Files\swipl\bin;C:/Program Files/Java/jre1.8.0_181/bin/server;C:/Program Files/Java/jre1.8.0_181/bin;C:/Program Files/Java/jre1.8.0_181/lib/amd64;C:\Program Files (x86)\Common Files\Oracle\Java\javapath;C:\Python38\Scripts\;C:\Python38\;C:\Windows\system32;C:\Windows;C:\Windows\System32\Wbem;C:\Windows\System32\WindowsPowerShell\v1.0\;C:\Windows\System32\OpenSSH\;C:\Program Files\NVIDIA Corporation\NVIDIA NvDLISR;C:\Program Files (x86)\NVIDIA Corporation\PhysX\Common;C:\ProgramData\chocolatey\bin;C:\Program Files\nodejs\;C:\Program Files\Git\cmd;C:\Program Files (x86)\Yarn\bin\;C:\Program Files\Java\jdk-14.0.1\bin;C:\Program Files\swipl\bin;C:\Program Files\swipl\lib;C:\Program Files\swipl;C:\Program Files\Java\jre1.8.0_181\bin;C:\Program Files\Java\jdk-14.0.1\lib;D:\Games\cemu_1.19.3\bin;C:\Users\jean1\AppData\Local\Microsoft\WindowsApps;C:\Users\jean1\AppData\Local\GitHubDesktop\bin;C:\Users\jean1\AppData\Roaming\npm;C:\Users\jean1\AppData\Local\Yarn\bin;C:\Windows\system32;
USERNAME=jean1
OS=Windows_NT
PROCESSOR_IDENTIFIER=Intel64 Family 6 Model 42 Stepping 7, GenuineIntel



---------------  S Y S T E M  ---------------

OS: Windows 10 , 64 bit Build 19041 (10.0.19041.292)
OS uptime: 0 days 7:12 hours

CPU:total 8 (initial active 8) (4 cores per cpu, 2 threads per core) family 6 model 42 stepping 7, cmov, cx8, fxsr, mmx, sse, sse2, sse3, ssse3, sse4.1, sse4.2, popcnt, avx, aes, clmul, ht, tsc, tscinvbit

Memory: 4k page, system-wide physical 8174M (2462M free)
TotalPageFile size 17902M (AvailPageFile size 7379M)
current process WorkingSet (physical memory assigned to process): 35M, peak: 35M
current process commit charge ("private bytes"): 216M, peak: 216M

vm_info: Java HotSpot(TM) 64-Bit Server VM (14.0.1+7) for windows-amd64 JRE (14.0.1+7), built on Mar  5 2020 10:30:14 by "mach5one" with MS VC++ 15.9 (VS2017)

END.
