#
# A fatal error has been detected by the Java Runtime Environment:
#
#  EXCEPTION_ACCESS_VIOLATION (0xc0000005) at pc=0x0000000068f562b8, pid=5780, tid=17044
#
# JRE version: Java(TM) SE Runtime Environment (14.0.1+7) (build 14.0.1+7)
# Java VM: Java HotSpot(TM) 64-Bit Server VM (14.0.1+7, mixed mode, sharing, tiered, compressed oops, g1 gc, windows-amd64)
# Problematic frame:
# C  [libswipl.dll+0x162b8]
#
# No core dump will be written. Minidumps are not enabled by default on client versions of Windows
#
# If you would like to submit a bug report, please visit:
#   https://bugreport.java.com/bugreport/crash.jsp
# The crash happened outside the Java Virtual Machine in native code.
# See problematic frame for where to report the bug.
#

---------------  S U M M A R Y ------------

Command Line: -Djava.library.path=C:\Program Files\swipl\bin -Dfile.encoding=Cp1252 Logico.main

Host: Intel(R) Core(TM) i7-2600 CPU @ 3.40GHz, 8 cores, 7G,  Windows 10 , 64 bit Build 19041 (10.0.19041.292)
Time: Sun Aug  2 17:52:33 2020 Hora estándar oeste, Sudamérica elapsed time: 0 seconds (0d 0h 0m 0s)

---------------  T H R E A D  ---------------

Current thread (0x000001fc38d90000):  JavaThread "main" [_thread_in_native, id=17044, stack(0x000000c4c0800000,0x000000c4c0900000)]

Stack: [0x000000c4c0800000,0x000000c4c0900000],  sp=0x000000c4c08fee70,  free space=1019k
Native frames: (J=compiled Java code, j=interpreted, Vv=VM code, C=native code)
C  [libswipl.dll+0x162b8]

Java frames: (J=compiled Java code, j=interpreted, Vv=VM code)
j  org.jpl7.fli.Prolog.open_query(Lorg/jpl7/fli/module_t;ILorg/jpl7/fli/predicate_t;Lorg/jpl7/fli/term_t;)Lorg/jpl7/fli/qid_t;+0
j  org.jpl7.Query.open()V+237
j  org.jpl7.Term.textToTerm(Ljava/lang/String;)Lorg/jpl7/Term;+57
j  org.jpl7.Query.<init>(Ljava/lang/String;)V+2
j  Logico.main.main([Ljava/lang/String;)V+6
v  ~StubRoutines::call_stub

siginfo: EXCEPTION_ACCESS_VIOLATION (0xc0000005), reading address 0x000000005b35f9a0


Register to memory mapping:

RIP=0x0000000068f562b8 libswipl.dll
RAX=0x000001fc5ac31fa0 points into unknown readable memory: 80 22 c3 5a fc 01 00 00
RBX=0x000000005b35f9a0 is an unknown value
RCX=0x000000000000001f is an unknown value
RDX=0x0000000000000003 is an unknown value
RSP=0x000000c4c08fee70 is pointing into the stack for thread: 0x000001fc38d90000
RBP=0x00000000690998c0 libswipl.dll
RSI=0x0000000000000008 is an unknown value
RDI=0x0000000000000018 is an unknown value
R8 =0x000000005b35f9a0 is an unknown value
R9 =0x0000000000000018 is an unknown value
R10=0x00007ffa34dea890 jvm.dll
R11=0x0 is NULL
R12=0x0000000000000008 is an unknown value
R13={method} {0x000001fc5a2a1f58} 'open_query' '(Lorg/jpl7/fli/module_t;ILorg/jpl7/fli/predicate_t;Lorg/jpl7/fli/term_t;)Lorg/jpl7/fli/qid_t;' in 'org/jpl7/fli/Prolog'
R14=0x000000c4c08ff008 is pointing into the stack for thread: 0x000001fc38d90000
R15=0x000001fc38d90000 is a thread


Registers:
RAX=0x000001fc5ac31fa0, RBX=0x000000005b35f9a0, RCX=0x000000000000001f, RDX=0x0000000000000003
RSP=0x000000c4c08fee70, RBP=0x00000000690998c0, RSI=0x0000000000000008, RDI=0x0000000000000018
R8 =0x000000005b35f9a0, R9 =0x0000000000000018, R10=0x00007ffa34dea890, R11=0x0000000000000000
R12=0x0000000000000008, R13=0x000001fc5a2a1f50, R14=0x000000c4c08ff008, R15=0x000001fc38d90000
RIP=0x0000000068f562b8, EFLAGS=0x0000000000010246

Top of Stack: (sp=0x000000c4c08fee70)
0x000000c4c08fee70:   000001fc38d909b0 0000003800000003
0x000000c4c08fee80:   000000c4c08fefd0 000001fc38d90000
0x000000c4c08fee90:   000001fc5a2a1f50 0000000000000000
0x000000c4c08feea0:   000001fc42d09f00 000001fc38d90310
0x000000c4c08feeb0:   000000005b35f9a0 000000c4c08feff0
0x000000c4c08feec0:   000000005ac4d4d0 0000000000000008
0x000000c4c08feed0:   000001fc5a2a1f50 000000c4c08ff008
0x000000c4c08feee0:   000001fc38d90000 000000005c4684ea
0x000000c4c08feef0:   000000005ac4d4d0 000001fc38d90000
0x000000c4c08fef00:   000001fc42d09f00 000001fc42d0f1e0
0x000000c4c08fef10:   000001fc5a2a1f50 000001fc59e9e600
0x000000c4c08fef20:   000001fc42d09f00 000000c4c08fefd0
0x000000c4c08fef30:   0000000000000000 000001fc42d0f397
0x000000c4c08fef40:   000001fc5a2a1f50 000001fc38e5c4a0
0x000000c4c08fef50:   000001fc42d09f00 000001fc42d0f092
0x000000c4c08fef60:   000000c4c08feff8 000000c4c08feff0 

Instructions: (pc=0x0000000068f562b8)
0x0000000068f561b8:   4d 39 d1 76 05 4d 39 d0 76 06 31 c0 c3 0f 1f 00
0x0000000068f561c8:   83 39 04 77 f7 48 8b 42 10 48 39 c1 73 13 66 2e
0x0000000068f561d8:   0f 1f 84 00 00 00 00 00 48 8b 40 08 48 39 c1 72
0x0000000068f561e8:   f7 48 39 c1 0f 94 c0 0f b6 c0 c3 66 66 2e 0f 1f
0x0000000068f561f8:   84 00 00 00 00 00 66 90 41 57 41 56 41 55 41 54
0x0000000068f56208:   55 57 56 53 48 83 ec 38 48 8b 05 c9 7f 12 00 48
0x0000000068f56218:   89 8c 24 80 00 00 00 89 d6 8b 08 4c 89 c3 4c 89
0x0000000068f56228:   cf ff 15 b1 90 14 00 8b 15 d3 de 13 00 48 89 c5
0x0000000068f56238:   85 d2 75 5b 48 8b 05 7d 7f 12 00 c7 05 bb de 13
0x0000000068f56248:   00 01 00 00 00 48 8b 80 f8 18 00 00 48 8b 00 48
0x0000000068f56258:   c7 05 6e de 13 00 ff ff ff ff 48 c7 05 8b de 13
0x0000000068f56268:   00 01 00 00 00 48 89 05 4c de 13 00 48 8b 05 25
0x0000000068f56278:   7f 12 00 48 8b 80 18 02 00 00 48 89 05 77 de 13
0x0000000068f56288:   00 48 8d 05 30 de 13 00 48 89 05 f9 dd 13 00 48
0x0000000068f56298:   8b 45 18 48 3b 45 08 0f 86 6b 03 00 00 48 63 50
0x0000000068f562a8:   04 48 8d 44 d0 28 48 39 45 50 0f 82 08 03 00 00
0x0000000068f562b8:   4c 8b 23 49 83 7c 24 20 00 41 8b 44 24 48 0f 84
0x0000000068f562c8:   22 03 00 00 f6 c4 04 0f 85 9b 04 00 00 48 8b 45
0x0000000068f562d8:   50 48 8d 90 60 21 00 00 48 39 55 58 0f 82 a6 04
0x0000000068f562e8:   00 00 48 89 c3 a8 0f 74 10 0f 1f 80 00 00 00 00
0x0000000068f562f8:   48 83 c3 08 f6 c3 0f 75 f7 4c 8b 3d b8 7e 12 00
0x0000000068f56308:   48 89 43 70 4c 8d b3 d0 00 00 00 48 c7 83 d8 00
0x0000000068f56318:   00 00 00 00 00 00 49 8b 87 f8 18 00 00 48 8b 08
0x0000000068f56328:   48 8d 05 51 dd 13 00 48 c7 83 d0 00 00 00 00 00
0x0000000068f56338:   00 00 48 89 83 e0 00 00 00 48 89 8b e8 00 00 00
0x0000000068f56348:   8b 85 50 05 00 00 85 c0 0f 85 92 03 00 00 48 c7
0x0000000068f56358:   83 f8 00 00 00 00 00 00 00 48 8b 45 08 48 85 c0
0x0000000068f56368:   0f 84 96 03 00 00 8b 50 38 8d 42 01 83 c2 02 89
0x0000000068f56378:   83 08 01 00 00 48 8b 45 08 8b 40 3c 25 4c fe ff
0x0000000068f56388:   ff 89 83 0c 01 00 00 48 8d 8b 10 01 00 00 4c 89
0x0000000068f56398:   b3 18 01 00 00 48 89 4c 24 28 89 93 48 01 00 00
0x0000000068f563a8:   89 83 4c 01 00 00 f0 83 8b 0c 01 00 00 01 48 8d 


Stack slot to memory mapping:
stack at sp + 0 slots: 0x000001fc38d909b0 points into unknown readable memory: 90 7a b2 34 fa 7f 00 00
stack at sp + 1 slots: 0x0000003800000003 is an unknown value
stack at sp + 2 slots: 0x000000c4c08fefd0 is pointing into the stack for thread: 0x000001fc38d90000
stack at sp + 3 slots: 0x000001fc38d90000 is a thread
stack at sp + 4 slots: {method} {0x000001fc5a2a1f58} 'open_query' '(Lorg/jpl7/fli/module_t;ILorg/jpl7/fli/predicate_t;Lorg/jpl7/fli/term_t;)Lorg/jpl7/fli/qid_t;' in 'org/jpl7/fli/Prolog'
stack at sp + 5 slots: 0x0 is NULL
stack at sp + 6 slots: 0x000001fc42d09f00 is at code_begin+1664 in an Interpreter codelet
invoke return entry points  [0x000001fc42d09880, 0x000001fc42d0a2a0]  2592 bytes
stack at sp + 7 slots: 0x000001fc38d90310 points into unknown readable memory: a0 1a d5 34 fa 7f 00 00


---------------  P R O C E S S  ---------------

Threads class SMR info:
_java_thread_list=0x000001fc5a8fbc50, length=11, elements={
0x000001fc38d90000, 0x000001fc59e32000, 0x000001fc59e33800, 0x000001fc59e4e000,
0x000001fc59e52800, 0x000001fc59e53800, 0x000001fc59e59000, 0x000001fc59e64800,
0x000001fc59e79800, 0x000001fc5a94a000, 0x000001fc5a955800
}

Java Threads: ( => current thread )
=>0x000001fc38d90000 JavaThread "main" [_thread_in_native, id=17044, stack(0x000000c4c0800000,0x000000c4c0900000)]
  0x000001fc59e32000 JavaThread "Reference Handler" daemon [_thread_blocked, id=15220, stack(0x000000c4c0f00000,0x000000c4c1000000)]
  0x000001fc59e33800 JavaThread "Finalizer" daemon [_thread_blocked, id=15856, stack(0x000000c4c1000000,0x000000c4c1100000)]
  0x000001fc59e4e000 JavaThread "Signal Dispatcher" daemon [_thread_blocked, id=9684, stack(0x000000c4c1100000,0x000000c4c1200000)]
  0x000001fc59e52800 JavaThread "Attach Listener" daemon [_thread_blocked, id=1784, stack(0x000000c4c1200000,0x000000c4c1300000)]
  0x000001fc59e53800 JavaThread "Service Thread" daemon [_thread_blocked, id=11600, stack(0x000000c4c1300000,0x000000c4c1400000)]
  0x000001fc59e59000 JavaThread "C2 CompilerThread0" daemon [_thread_blocked, id=17100, stack(0x000000c4c1400000,0x000000c4c1500000)]
  0x000001fc59e64800 JavaThread "C1 CompilerThread0" daemon [_thread_blocked, id=14952, stack(0x000000c4c1500000,0x000000c4c1600000)]
  0x000001fc59e79800 JavaThread "Sweeper thread" daemon [_thread_blocked, id=13264, stack(0x000000c4c1600000,0x000000c4c1700000)]
  0x000001fc5a94a000 JavaThread "Notification Thread" daemon [_thread_blocked, id=3612, stack(0x000000c4c1700000,0x000000c4c1800000)]
  0x000001fc5a955800 JavaThread "Common-Cleaner" daemon [_thread_blocked, id=13560, stack(0x000000c4c1900000,0x000000c4c1a00000)]

Other Threads:
  0x000001fc59e30800 VMThread "VM Thread" [stack: 0x000000c4c0e00000,0x000000c4c0f00000] [id=3052]
  0x000001fc5a954000 WatcherThread [stack: 0x000000c4c1800000,0x000000c4c1900000] [id=13404]
  0x000001fc38dcc800 GCTaskThread "GC Thread#0" [stack: 0x000000c4c0900000,0x000000c4c0a00000] [id=17052]
  0x000001fc38ddf000 ConcurrentGCThread "G1 Main Marker" [stack: 0x000000c4c0a00000,0x000000c4c0b00000] [id=14596]
  0x000001fc38de0800 ConcurrentGCThread "G1 Conc#0" [stack: 0x000000c4c0b00000,0x000000c4c0c00000] [id=9020]
  0x000001fc59ca1800 ConcurrentGCThread "G1 Refine#0" [stack: 0x000000c4c0c00000,0x000000c4c0d00000] [id=14280]
  0x000001fc38e5d000 ConcurrentGCThread "G1 Young RemSet Sampling" [stack: 0x000000c4c0d00000,0x000000c4c0e00000] [id=15448]

Threads with active compile tasks:

VM state:not at safepoint (normal execution)

VM Mutex/Monitor currently owned by a thread: None

Heap address: 0x0000000080400000, size: 2044 MB, Compressed Oops mode: 32-bit
Narrow klass base: 0x0000000800000000, Narrow klass shift: 3
Compressed class space size: 1073741824 Address: 0x0000000800b30000

Heap:
 garbage-first heap   total 131072K, used 1024K [0x0000000080400000, 0x0000000100000000)
  region size 1024K, 2 young (2048K), 0 survivors (0K)
 Metaspace       used 591K, capacity 4691K, committed 4864K, reserved 1056768K
  class space    used 56K, capacity 435K, committed 512K, reserved 1048576K
Heap Regions: E=young(eden), S=young(survivor), O=old, HS=humongous(starts), HC=humongous(continues), CS=collection set, F=free, OA=open archive, CA=closed archive, TAMS=top-at-mark-start (previous, next)
|   0|0x0000000080400000, 0x0000000080400000, 0x0000000080500000|  0%| F|  |TAMS 0x0000000080400000, 0x0000000080400000| Untracked 
|   1|0x0000000080500000, 0x0000000080500000, 0x0000000080600000|  0%| F|  |TAMS 0x0000000080500000, 0x0000000080500000| Untracked 
|   2|0x0000000080600000, 0x0000000080600000, 0x0000000080700000|  0%| F|  |TAMS 0x0000000080600000, 0x0000000080600000| Untracked 
|   3|0x0000000080700000, 0x0000000080700000, 0x0000000080800000|  0%| F|  |TAMS 0x0000000080700000, 0x0000000080700000| Untracked 
|   4|0x0000000080800000, 0x0000000080800000, 0x0000000080900000|  0%| F|  |TAMS 0x0000000080800000, 0x0000000080800000| Untracked 
|   5|0x0000000080900000, 0x0000000080900000, 0x0000000080a00000|  0%| F|  |TAMS 0x0000000080900000, 0x0000000080900000| Untracked 
|   6|0x0000000080a00000, 0x0000000080a00000, 0x0000000080b00000|  0%| F|  |TAMS 0x0000000080a00000, 0x0000000080a00000| Untracked 
|   7|0x0000000080b00000, 0x0000000080b00000, 0x0000000080c00000|  0%| F|  |TAMS 0x0000000080b00000, 0x0000000080b00000| Untracked 
|   8|0x0000000080c00000, 0x0000000080c00000, 0x0000000080d00000|  0%| F|  |TAMS 0x0000000080c00000, 0x0000000080c00000| Untracked 
|   9|0x0000000080d00000, 0x0000000080d00000, 0x0000000080e00000|  0%| F|  |TAMS 0x0000000080d00000, 0x0000000080d00000| Untracked 
|  10|0x0000000080e00000, 0x0000000080e00000, 0x0000000080f00000|  0%| F|  |TAMS 0x0000000080e00000, 0x0000000080e00000| Untracked 
|  11|0x0000000080f00000, 0x0000000080f00000, 0x0000000081000000|  0%| F|  |TAMS 0x0000000080f00000, 0x0000000080f00000| Untracked 
|  12|0x0000000081000000, 0x0000000081000000, 0x0000000081100000|  0%| F|  |TAMS 0x0000000081000000, 0x0000000081000000| Untracked 
|  13|0x0000000081100000, 0x0000000081100000, 0x0000000081200000|  0%| F|  |TAMS 0x0000000081100000, 0x0000000081100000| Untracked 
|  14|0x0000000081200000, 0x0000000081200000, 0x0000000081300000|  0%| F|  |TAMS 0x0000000081200000, 0x0000000081200000| Untracked 
|  15|0x0000000081300000, 0x0000000081300000, 0x0000000081400000|  0%| F|  |TAMS 0x0000000081300000, 0x0000000081300000| Untracked 
|  16|0x0000000081400000, 0x0000000081400000, 0x0000000081500000|  0%| F|  |TAMS 0x0000000081400000, 0x0000000081400000| Untracked 
|  17|0x0000000081500000, 0x0000000081500000, 0x0000000081600000|  0%| F|  |TAMS 0x0000000081500000, 0x0000000081500000| Untracked 
|  18|0x0000000081600000, 0x0000000081600000, 0x0000000081700000|  0%| F|  |TAMS 0x0000000081600000, 0x0000000081600000| Untracked 
|  19|0x0000000081700000, 0x0000000081700000, 0x0000000081800000|  0%| F|  |TAMS 0x0000000081700000, 0x0000000081700000| Untracked 
|  20|0x0000000081800000, 0x0000000081800000, 0x0000000081900000|  0%| F|  |TAMS 0x0000000081800000, 0x0000000081800000| Untracked 
|  21|0x0000000081900000, 0x0000000081900000, 0x0000000081a00000|  0%| F|  |TAMS 0x0000000081900000, 0x0000000081900000| Untracked 
|  22|0x0000000081a00000, 0x0000000081a00000, 0x0000000081b00000|  0%| F|  |TAMS 0x0000000081a00000, 0x0000000081a00000| Untracked 
|  23|0x0000000081b00000, 0x0000000081b00000, 0x0000000081c00000|  0%| F|  |TAMS 0x0000000081b00000, 0x0000000081b00000| Untracked 
|  24|0x0000000081c00000, 0x0000000081c00000, 0x0000000081d00000|  0%| F|  |TAMS 0x0000000081c00000, 0x0000000081c00000| Untracked 
|  25|0x0000000081d00000, 0x0000000081d00000, 0x0000000081e00000|  0%| F|  |TAMS 0x0000000081d00000, 0x0000000081d00000| Untracked 
|  26|0x0000000081e00000, 0x0000000081e00000, 0x0000000081f00000|  0%| F|  |TAMS 0x0000000081e00000, 0x0000000081e00000| Untracked 
|  27|0x0000000081f00000, 0x0000000081f00000, 0x0000000082000000|  0%| F|  |TAMS 0x0000000081f00000, 0x0000000081f00000| Untracked 
|  28|0x0000000082000000, 0x0000000082000000, 0x0000000082100000|  0%| F|  |TAMS 0x0000000082000000, 0x0000000082000000| Untracked 
|  29|0x0000000082100000, 0x0000000082100000, 0x0000000082200000|  0%| F|  |TAMS 0x0000000082100000, 0x0000000082100000| Untracked 
|  30|0x0000000082200000, 0x0000000082200000, 0x0000000082300000|  0%| F|  |TAMS 0x0000000082200000, 0x0000000082200000| Untracked 
|  31|0x0000000082300000, 0x0000000082300000, 0x0000000082400000|  0%| F|  |TAMS 0x0000000082300000, 0x0000000082300000| Untracked 
|  32|0x0000000082400000, 0x0000000082400000, 0x0000000082500000|  0%| F|  |TAMS 0x0000000082400000, 0x0000000082400000| Untracked 
|  33|0x0000000082500000, 0x0000000082500000, 0x0000000082600000|  0%| F|  |TAMS 0x0000000082500000, 0x0000000082500000| Untracked 
|  34|0x0000000082600000, 0x0000000082600000, 0x0000000082700000|  0%| F|  |TAMS 0x0000000082600000, 0x0000000082600000| Untracked 
|  35|0x0000000082700000, 0x0000000082700000, 0x0000000082800000|  0%| F|  |TAMS 0x0000000082700000, 0x0000000082700000| Untracked 
|  36|0x0000000082800000, 0x0000000082800000, 0x0000000082900000|  0%| F|  |TAMS 0x0000000082800000, 0x0000000082800000| Untracked 
|  37|0x0000000082900000, 0x0000000082900000, 0x0000000082a00000|  0%| F|  |TAMS 0x0000000082900000, 0x0000000082900000| Untracked 
|  38|0x0000000082a00000, 0x0000000082a00000, 0x0000000082b00000|  0%| F|  |TAMS 0x0000000082a00000, 0x0000000082a00000| Untracked 
|  39|0x0000000082b00000, 0x0000000082b00000, 0x0000000082c00000|  0%| F|  |TAMS 0x0000000082b00000, 0x0000000082b00000| Untracked 
|  40|0x0000000082c00000, 0x0000000082c00000, 0x0000000082d00000|  0%| F|  |TAMS 0x0000000082c00000, 0x0000000082c00000| Untracked 
|  41|0x0000000082d00000, 0x0000000082d00000, 0x0000000082e00000|  0%| F|  |TAMS 0x0000000082d00000, 0x0000000082d00000| Untracked 
|  42|0x0000000082e00000, 0x0000000082e00000, 0x0000000082f00000|  0%| F|  |TAMS 0x0000000082e00000, 0x0000000082e00000| Untracked 
|  43|0x0000000082f00000, 0x0000000082f00000, 0x0000000083000000|  0%| F|  |TAMS 0x0000000082f00000, 0x0000000082f00000| Untracked 
|  44|0x0000000083000000, 0x0000000083000000, 0x0000000083100000|  0%| F|  |TAMS 0x0000000083000000, 0x0000000083000000| Untracked 
|  45|0x0000000083100000, 0x0000000083100000, 0x0000000083200000|  0%| F|  |TAMS 0x0000000083100000, 0x0000000083100000| Untracked 
|  46|0x0000000083200000, 0x0000000083200000, 0x0000000083300000|  0%| F|  |TAMS 0x0000000083200000, 0x0000000083200000| Untracked 
|  47|0x0000000083300000, 0x0000000083300000, 0x0000000083400000|  0%| F|  |TAMS 0x0000000083300000, 0x0000000083300000| Untracked 
|  48|0x0000000083400000, 0x0000000083400000, 0x0000000083500000|  0%| F|  |TAMS 0x0000000083400000, 0x0000000083400000| Untracked 
|  49|0x0000000083500000, 0x0000000083500000, 0x0000000083600000|  0%| F|  |TAMS 0x0000000083500000, 0x0000000083500000| Untracked 
|  50|0x0000000083600000, 0x0000000083600000, 0x0000000083700000|  0%| F|  |TAMS 0x0000000083600000, 0x0000000083600000| Untracked 
|  51|0x0000000083700000, 0x0000000083700000, 0x0000000083800000|  0%| F|  |TAMS 0x0000000083700000, 0x0000000083700000| Untracked 
|  52|0x0000000083800000, 0x0000000083800000, 0x0000000083900000|  0%| F|  |TAMS 0x0000000083800000, 0x0000000083800000| Untracked 
|  53|0x0000000083900000, 0x0000000083900000, 0x0000000083a00000|  0%| F|  |TAMS 0x0000000083900000, 0x0000000083900000| Untracked 
|  54|0x0000000083a00000, 0x0000000083a00000, 0x0000000083b00000|  0%| F|  |TAMS 0x0000000083a00000, 0x0000000083a00000| Untracked 
|  55|0x0000000083b00000, 0x0000000083b00000, 0x0000000083c00000|  0%| F|  |TAMS 0x0000000083b00000, 0x0000000083b00000| Untracked 
|  56|0x0000000083c00000, 0x0000000083c00000, 0x0000000083d00000|  0%| F|  |TAMS 0x0000000083c00000, 0x0000000083c00000| Untracked 
|  57|0x0000000083d00000, 0x0000000083d00000, 0x0000000083e00000|  0%| F|  |TAMS 0x0000000083d00000, 0x0000000083d00000| Untracked 
|  58|0x0000000083e00000, 0x0000000083e00000, 0x0000000083f00000|  0%| F|  |TAMS 0x0000000083e00000, 0x0000000083e00000| Untracked 
|  59|0x0000000083f00000, 0x0000000083f00000, 0x0000000084000000|  0%| F|  |TAMS 0x0000000083f00000, 0x0000000083f00000| Untracked 
|  60|0x0000000084000000, 0x0000000084000000, 0x0000000084100000|  0%| F|  |TAMS 0x0000000084000000, 0x0000000084000000| Untracked 
|  61|0x0000000084100000, 0x0000000084100000, 0x0000000084200000|  0%| F|  |TAMS 0x0000000084100000, 0x0000000084100000| Untracked 
|  62|0x0000000084200000, 0x0000000084200000, 0x0000000084300000|  0%| F|  |TAMS 0x0000000084200000, 0x0000000084200000| Untracked 
|  63|0x0000000084300000, 0x0000000084300000, 0x0000000084400000|  0%| F|  |TAMS 0x0000000084300000, 0x0000000084300000| Untracked 
|  64|0x0000000084400000, 0x0000000084400000, 0x0000000084500000|  0%| F|  |TAMS 0x0000000084400000, 0x0000000084400000| Untracked 
|  65|0x0000000084500000, 0x0000000084500000, 0x0000000084600000|  0%| F|  |TAMS 0x0000000084500000, 0x0000000084500000| Untracked 
|  66|0x0000000084600000, 0x0000000084600000, 0x0000000084700000|  0%| F|  |TAMS 0x0000000084600000, 0x0000000084600000| Untracked 
|  67|0x0000000084700000, 0x0000000084700000, 0x0000000084800000|  0%| F|  |TAMS 0x0000000084700000, 0x0000000084700000| Untracked 
|  68|0x0000000084800000, 0x0000000084800000, 0x0000000084900000|  0%| F|  |TAMS 0x0000000084800000, 0x0000000084800000| Untracked 
|  69|0x0000000084900000, 0x0000000084900000, 0x0000000084a00000|  0%| F|  |TAMS 0x0000000084900000, 0x0000000084900000| Untracked 
|  70|0x0000000084a00000, 0x0000000084a00000, 0x0000000084b00000|  0%| F|  |TAMS 0x0000000084a00000, 0x0000000084a00000| Untracked 
|  71|0x0000000084b00000, 0x0000000084b00000, 0x0000000084c00000|  0%| F|  |TAMS 0x0000000084b00000, 0x0000000084b00000| Untracked 
|  72|0x0000000084c00000, 0x0000000084c00000, 0x0000000084d00000|  0%| F|  |TAMS 0x0000000084c00000, 0x0000000084c00000| Untracked 
|  73|0x0000000084d00000, 0x0000000084d00000, 0x0000000084e00000|  0%| F|  |TAMS 0x0000000084d00000, 0x0000000084d00000| Untracked 
|  74|0x0000000084e00000, 0x0000000084e00000, 0x0000000084f00000|  0%| F|  |TAMS 0x0000000084e00000, 0x0000000084e00000| Untracked 
|  75|0x0000000084f00000, 0x0000000084f00000, 0x0000000085000000|  0%| F|  |TAMS 0x0000000084f00000, 0x0000000084f00000| Untracked 
|  76|0x0000000085000000, 0x0000000085000000, 0x0000000085100000|  0%| F|  |TAMS 0x0000000085000000, 0x0000000085000000| Untracked 
|  77|0x0000000085100000, 0x0000000085100000, 0x0000000085200000|  0%| F|  |TAMS 0x0000000085100000, 0x0000000085100000| Untracked 
|  78|0x0000000085200000, 0x0000000085200000, 0x0000000085300000|  0%| F|  |TAMS 0x0000000085200000, 0x0000000085200000| Untracked 
|  79|0x0000000085300000, 0x0000000085300000, 0x0000000085400000|  0%| F|  |TAMS 0x0000000085300000, 0x0000000085300000| Untracked 
|  80|0x0000000085400000, 0x0000000085400000, 0x0000000085500000|  0%| F|  |TAMS 0x0000000085400000, 0x0000000085400000| Untracked 
|  81|0x0000000085500000, 0x0000000085500000, 0x0000000085600000|  0%| F|  |TAMS 0x0000000085500000, 0x0000000085500000| Untracked 
|  82|0x0000000085600000, 0x0000000085600000, 0x0000000085700000|  0%| F|  |TAMS 0x0000000085600000, 0x0000000085600000| Untracked 
|  83|0x0000000085700000, 0x0000000085700000, 0x0000000085800000|  0%| F|  |TAMS 0x0000000085700000, 0x0000000085700000| Untracked 
|  84|0x0000000085800000, 0x0000000085800000, 0x0000000085900000|  0%| F|  |TAMS 0x0000000085800000, 0x0000000085800000| Untracked 
|  85|0x0000000085900000, 0x0000000085900000, 0x0000000085a00000|  0%| F|  |TAMS 0x0000000085900000, 0x0000000085900000| Untracked 
|  86|0x0000000085a00000, 0x0000000085a00000, 0x0000000085b00000|  0%| F|  |TAMS 0x0000000085a00000, 0x0000000085a00000| Untracked 
|  87|0x0000000085b00000, 0x0000000085b00000, 0x0000000085c00000|  0%| F|  |TAMS 0x0000000085b00000, 0x0000000085b00000| Untracked 
|  88|0x0000000085c00000, 0x0000000085c00000, 0x0000000085d00000|  0%| F|  |TAMS 0x0000000085c00000, 0x0000000085c00000| Untracked 
|  89|0x0000000085d00000, 0x0000000085d00000, 0x0000000085e00000|  0%| F|  |TAMS 0x0000000085d00000, 0x0000000085d00000| Untracked 
|  90|0x0000000085e00000, 0x0000000085e00000, 0x0000000085f00000|  0%| F|  |TAMS 0x0000000085e00000, 0x0000000085e00000| Untracked 
|  91|0x0000000085f00000, 0x0000000085f00000, 0x0000000086000000|  0%| F|  |TAMS 0x0000000085f00000, 0x0000000085f00000| Untracked 
|  92|0x0000000086000000, 0x0000000086000000, 0x0000000086100000|  0%| F|  |TAMS 0x0000000086000000, 0x0000000086000000| Untracked 
|  93|0x0000000086100000, 0x0000000086100000, 0x0000000086200000|  0%| F|  |TAMS 0x0000000086100000, 0x0000000086100000| Untracked 
|  94|0x0000000086200000, 0x0000000086200000, 0x0000000086300000|  0%| F|  |TAMS 0x0000000086200000, 0x0000000086200000| Untracked 
|  95|0x0000000086300000, 0x0000000086300000, 0x0000000086400000|  0%| F|  |TAMS 0x0000000086300000, 0x0000000086300000| Untracked 
|  96|0x0000000086400000, 0x0000000086400000, 0x0000000086500000|  0%| F|  |TAMS 0x0000000086400000, 0x0000000086400000| Untracked 
|  97|0x0000000086500000, 0x0000000086500000, 0x0000000086600000|  0%| F|  |TAMS 0x0000000086500000, 0x0000000086500000| Untracked 
|  98|0x0000000086600000, 0x0000000086600000, 0x0000000086700000|  0%| F|  |TAMS 0x0000000086600000, 0x0000000086600000| Untracked 
|  99|0x0000000086700000, 0x0000000086700000, 0x0000000086800000|  0%| F|  |TAMS 0x0000000086700000, 0x0000000086700000| Untracked 
| 100|0x0000000086800000, 0x0000000086800000, 0x0000000086900000|  0%| F|  |TAMS 0x0000000086800000, 0x0000000086800000| Untracked 
| 101|0x0000000086900000, 0x0000000086900000, 0x0000000086a00000|  0%| F|  |TAMS 0x0000000086900000, 0x0000000086900000| Untracked 
| 102|0x0000000086a00000, 0x0000000086a00000, 0x0000000086b00000|  0%| F|  |TAMS 0x0000000086a00000, 0x0000000086a00000| Untracked 
| 103|0x0000000086b00000, 0x0000000086b00000, 0x0000000086c00000|  0%| F|  |TAMS 0x0000000086b00000, 0x0000000086b00000| Untracked 
| 104|0x0000000086c00000, 0x0000000086c00000, 0x0000000086d00000|  0%| F|  |TAMS 0x0000000086c00000, 0x0000000086c00000| Untracked 
| 105|0x0000000086d00000, 0x0000000086d00000, 0x0000000086e00000|  0%| F|  |TAMS 0x0000000086d00000, 0x0000000086d00000| Untracked 
| 106|0x0000000086e00000, 0x0000000086e00000, 0x0000000086f00000|  0%| F|  |TAMS 0x0000000086e00000, 0x0000000086e00000| Untracked 
| 107|0x0000000086f00000, 0x0000000086f00000, 0x0000000087000000|  0%| F|  |TAMS 0x0000000086f00000, 0x0000000086f00000| Untracked 
| 108|0x0000000087000000, 0x0000000087000000, 0x0000000087100000|  0%| F|  |TAMS 0x0000000087000000, 0x0000000087000000| Untracked 
| 109|0x0000000087100000, 0x0000000087100000, 0x0000000087200000|  0%| F|  |TAMS 0x0000000087100000, 0x0000000087100000| Untracked 
| 110|0x0000000087200000, 0x0000000087200000, 0x0000000087300000|  0%| F|  |TAMS 0x0000000087200000, 0x0000000087200000| Untracked 
| 111|0x0000000087300000, 0x0000000087300000, 0x0000000087400000|  0%| F|  |TAMS 0x0000000087300000, 0x0000000087300000| Untracked 
| 112|0x0000000087400000, 0x0000000087400000, 0x0000000087500000|  0%| F|  |TAMS 0x0000000087400000, 0x0000000087400000| Untracked 
| 113|0x0000000087500000, 0x0000000087500000, 0x0000000087600000|  0%| F|  |TAMS 0x0000000087500000, 0x0000000087500000| Untracked 
| 114|0x0000000087600000, 0x0000000087600000, 0x0000000087700000|  0%| F|  |TAMS 0x0000000087600000, 0x0000000087600000| Untracked 
| 115|0x0000000087700000, 0x0000000087700000, 0x0000000087800000|  0%| F|  |TAMS 0x0000000087700000, 0x0000000087700000| Untracked 
| 116|0x0000000087800000, 0x0000000087800000, 0x0000000087900000|  0%| F|  |TAMS 0x0000000087800000, 0x0000000087800000| Untracked 
| 117|0x0000000087900000, 0x0000000087900000, 0x0000000087a00000|  0%| F|  |TAMS 0x0000000087900000, 0x0000000087900000| Untracked 
| 118|0x0000000087a00000, 0x0000000087a00000, 0x0000000087b00000|  0%| F|  |TAMS 0x0000000087a00000, 0x0000000087a00000| Untracked 
| 119|0x0000000087b00000, 0x0000000087b00000, 0x0000000087c00000|  0%| F|  |TAMS 0x0000000087b00000, 0x0000000087b00000| Untracked 
| 120|0x0000000087c00000, 0x0000000087c00000, 0x0000000087d00000|  0%| F|  |TAMS 0x0000000087c00000, 0x0000000087c00000| Untracked 
| 121|0x0000000087d00000, 0x0000000087d00000, 0x0000000087e00000|  0%| F|  |TAMS 0x0000000087d00000, 0x0000000087d00000| Untracked 
| 122|0x0000000087e00000, 0x0000000087e00000, 0x0000000087f00000|  0%| F|  |TAMS 0x0000000087e00000, 0x0000000087e00000| Untracked 
| 123|0x0000000087f00000, 0x0000000087f00000, 0x0000000088000000|  0%| F|  |TAMS 0x0000000087f00000, 0x0000000087f00000| Untracked 
| 124|0x0000000088000000, 0x0000000088000000, 0x0000000088100000|  0%| F|  |TAMS 0x0000000088000000, 0x0000000088000000| Untracked 
| 125|0x0000000088100000, 0x0000000088100000, 0x0000000088200000|  0%| F|  |TAMS 0x0000000088100000, 0x0000000088100000| Untracked 
| 126|0x0000000088200000, 0x00000000882ec088, 0x0000000088300000| 92%| E|  |TAMS 0x0000000088200000, 0x0000000088200000| Complete 
| 127|0x0000000088300000, 0x0000000088400000, 0x0000000088400000|100%| E|CS|TAMS 0x0000000088300000, 0x0000000088300000| Complete 

Card table byte_map: [0x000001fc52b90000,0x000001fc52f90000] _byte_map_base: 0x000001fc5278e000

Marking Bits (Prev, Next): (CMBitMap*) 0x000001fc38dcd078, (CMBitMap*) 0x000001fc38dcd0b8
 Prev Bits: [0x000001fc53390000, 0x000001fc55380000)
 Next Bits: [0x000001fc55380000, 0x000001fc57370000)

Polling page: 0x000001fc42ce0000

Metaspace:

Usage:
  Non-class:      4.16 MB capacity,   535.63 KB ( 13%) used,     3.63 MB ( 87%) free+waste,     1.44 KB ( <1%) overhead. 
      Class:    435.00 KB capacity,    56.08 KB ( 13%) used,   377.86 KB ( 87%) free+waste,     1.06 KB ( <1%) overhead. 
       Both:      4.58 MB capacity,   591.70 KB ( 13%) used,     4.00 MB ( 87%) free+waste,     2.50 KB ( <1%) overhead. 

Virtual space:
  Non-class space:        8.00 MB reserved,       4.25 MB ( 53%) committed 
      Class space:        1.00 GB reserved,     512.00 KB ( <1%) committed 
             Both:        1.01 GB reserved,       4.75 MB ( <1%) committed 

Chunk freelists:
   Non-Class:  32.00 KB
       Class:  13.00 KB
        Both:  45.00 KB

MaxMetaspaceSize: 17179869184.00 GB
CompressedClassSpaceSize: 1.00 GB

CodeHeap 'non-profiled nmethods': size=120000Kb used=57Kb max_used=57Kb free=119942Kb
 bounds [0x000001fc4a7d0000, 0x000001fc4aa40000, 0x000001fc51d00000]
CodeHeap 'profiled nmethods': size=120000Kb used=244Kb max_used=244Kb free=119755Kb
 bounds [0x000001fc432a0000, 0x000001fc43510000, 0x000001fc4a7d0000]
CodeHeap 'non-nmethods': size=5760Kb used=1109Kb max_used=1123Kb free=4650Kb
 bounds [0x000001fc42d00000, 0x000001fc42f70000, 0x000001fc432a0000]
 total_blobs=868 nmethods=202 adapters=261
 compilation: enabled
              stopped_count=0, restarted_count=0
 full_count=0

Compilation events (20 events):
Event: 0.123 Thread 0x000001fc59e64800  193       3       java.lang.String::lastIndexOf (12 bytes)
Event: 0.124 Thread 0x000001fc59e64800 nmethod 193 0x000001fc432da990 code [0x000001fc432dab80, 0x000001fc432daf78]
Event: 0.124 Thread 0x000001fc59e64800  194       3       java.lang.CharacterData::of (120 bytes)
Event: 0.124 Thread 0x000001fc59e64800 nmethod 194 0x000001fc432db110 code [0x000001fc432db300, 0x000001fc432dba98]
Event: 0.124 Thread 0x000001fc59e64800  195       3       java.util.zip.ZipUtils::LG (22 bytes)
Event: 0.124 Thread 0x000001fc59e64800 nmethod 195 0x000001fc432dbc90 code [0x000001fc432dbe40, 0x000001fc432dc098]
Event: 0.124 Thread 0x000001fc59e64800  196       3       java.util.Objects::requireNonNull (15 bytes)
Event: 0.124 Thread 0x000001fc59e64800 nmethod 196 0x000001fc432dc210 code [0x000001fc432dc3c0, 0x000001fc432dc5a8]
Event: 0.124 Thread 0x000001fc59e59000  197       4       java.lang.String::length (11 bytes)
Event: 0.125 Thread 0x000001fc59e64800  198       3       java.lang.CharacterDataLatin1::toUpperCase (53 bytes)
Event: 0.125 Thread 0x000001fc59e64800 nmethod 198 0x000001fc432dc690 code [0x000001fc432dc840, 0x000001fc432dcaf8]
Event: 0.125 Thread 0x000001fc59e59000 nmethod 197 0x000001fc4a7ddb10 code [0x000001fc4a7ddca0, 0x000001fc4a7ddd38]
Event: 0.125 Thread 0x000001fc59e59000  199       4       java.lang.Object::<init> (1 bytes)
Event: 0.126 Thread 0x000001fc59e59000 nmethod 199 0x000001fc4a7dde10 code [0x000001fc4a7ddf80, 0x000001fc4a7de038]
Event: 0.126 Thread 0x000001fc59e64800  200       1       java.net.URL::getFile (5 bytes)
Event: 0.126 Thread 0x000001fc59e64800 nmethod 200 0x000001fc4a7de110 code [0x000001fc4a7de2a0, 0x000001fc4a7de378]
Event: 0.126 Thread 0x000001fc59e64800  201       3       java.lang.Character::toLowerCase (9 bytes)
Event: 0.126 Thread 0x000001fc59e64800 nmethod 201 0x000001fc432dcc10 code [0x000001fc432dcdc0, 0x000001fc432dcfb8]
Event: 0.126 Thread 0x000001fc59e64800  202       1       java.security.ProtectionDomain::getCodeSource (5 bytes)
Event: 0.126 Thread 0x000001fc59e64800 nmethod 202 0x000001fc4a7de410 code [0x000001fc4a7de5a0, 0x000001fc4a7de678]

GC Heap History (0 events):
No events

Deoptimization events (4 events):
Event: 0.059 Thread 0x000001fc38d90000 Uncommon trap: trap_request=0xffffff45 fr.pc=0x000001fc4a7d4494 relative=0x00000000000001b4
Event: 0.059 Thread 0x000001fc38d90000 Uncommon trap: reason=unstable_if action=reinterpret pc=0x000001fc4a7d4494 method=java.lang.String.hashCode()I @ 42 c2
Event: 0.059 Thread 0x000001fc38d90000 DEOPT PACKING pc=0x000001fc4a7d4494 sp=0x000000c4c08fdeb0
Event: 0.059 Thread 0x000001fc38d90000 DEOPT UNPACKING pc=0x000001fc42d4912f sp=0x000000c4c08fde48 mode 2

Classes unloaded (0 events):
No events

Classes redefined (0 events):
No events

Internal exceptions (0 events):
No events

Events (20 events):
Event: 0.075 Executing VM operation: HandshakeAllThreads
Event: 0.075 Executing VM operation: HandshakeAllThreads done
Event: 0.077 loading class java/util/NoSuchElementException
Event: 0.077 loading class java/util/NoSuchElementException done
Event: 0.095 loading class java/lang/invoke/BoundMethodHandle$Species_LL
Event: 0.095 loading class java/lang/invoke/BoundMethodHandle$Species_LL done
Event: 0.104 loading class java/lang/Module$ReflectionData
Event: 0.104 loading class java/lang/Module$ReflectionData done
Event: 0.104 loading class java/lang/WeakPairMap
Event: 0.104 loading class java/lang/WeakPairMap done
Event: 0.104 loading class java/lang/WeakPairMap$Pair
Event: 0.104 loading class java/lang/WeakPairMap$Pair done
Event: 0.104 loading class java/lang/WeakPairMap$Pair$Lookup
Event: 0.104 loading class java/lang/WeakPairMap$Pair$Lookup done
Event: 0.106 Loaded shared library C:\Program Files\Java\jdk-14.0.1\bin\jimage.dll
Event: 0.115 loading class java/lang/ClassLoaderHelper
Event: 0.115 loading class java/lang/ClassLoaderHelper done
Event: 0.120 Loaded shared library C:\Program Files\swipl\bin\jpl.dll
Event: 0.122 Executing VM operation: HandshakeAllThreads
Event: 0.122 Executing VM operation: HandshakeAllThreads done


Dynamic libraries:
0x00007ff78d3b0000 - 0x00007ff78d3bf000 	C:\Program Files\Java\jdk-14.0.1\bin\javaw.exe
0x00007ffa913b0000 - 0x00007ffa915a4000 	C:\Windows\SYSTEM32\ntdll.dll
0x00007ffa900d0000 - 0x00007ffa9018d000 	C:\Windows\System32\KERNEL32.DLL
0x00007ffa8f050000 - 0x00007ffa8f317000 	C:\Windows\System32\KERNELBASE.dll
0x00007ffa8c420000 - 0x00007ffa8c4b0000 	C:\Windows\SYSTEM32\apphelp.dll
0x00007ffa8f320000 - 0x00007ffa8f420000 	C:\Windows\System32\ucrtbase.dll
0x00007ffa78750000 - 0x00007ffa78765000 	C:\Program Files\Java\jdk-14.0.1\bin\VCRUNTIME140.dll
0x00007ffa76d10000 - 0x00007ffa76d28000 	C:\Program Files\Java\jdk-14.0.1\bin\jli.dll
0x00007ffa90350000 - 0x00007ffa903fa000 	C:\Windows\System32\ADVAPI32.dll
0x00007ffa8ffc0000 - 0x00007ffa9005e000 	C:\Windows\System32\msvcrt.dll
0x00007ffa90400000 - 0x00007ffa9049b000 	C:\Windows\System32\sechost.dll
0x00007ffa8f420000 - 0x00007ffa8f543000 	C:\Windows\System32\RPCRT4.dll
0x00007ffa904a0000 - 0x00007ffa90640000 	C:\Windows\System32\USER32.dll
0x00007ffa8eb00000 - 0x00007ffa8eb22000 	C:\Windows\System32\win32u.dll
0x00007ffa831a0000 - 0x00007ffa8343a000 	C:\Windows\WinSxS\amd64_microsoft.windows.common-controls_6595b64144ccf1df_6.0.19041.1_none_b555e41d4684ddec\COMCTL32.dll
0x00007ffa8ff80000 - 0x00007ffa8ffaa000 	C:\Windows\System32\GDI32.dll
0x00007ffa8ef40000 - 0x00007ffa8f04a000 	C:\Windows\System32\gdi32full.dll
0x00007ffa8eea0000 - 0x00007ffa8ef3d000 	C:\Windows\System32\msvcp_win.dll
0x00007ffa88980000 - 0x00007ffa8898a000 	C:\Windows\SYSTEM32\VERSION.dll
0x00007ffa90190000 - 0x00007ffa901c0000 	C:\Windows\System32\IMM32.DLL
0x00007ffa3c820000 - 0x00007ffa3c8bb000 	C:\Program Files\Java\jdk-14.0.1\bin\msvcp140.dll
0x00007ffa34390000 - 0x00007ffa34eae000 	C:\Program Files\Java\jdk-14.0.1\bin\server\jvm.dll
0x00007ffa90340000 - 0x00007ffa90348000 	C:\Windows\System32\PSAPI.DLL
0x00007ffa74e10000 - 0x00007ffa74e19000 	C:\Windows\SYSTEM32\WSOCK32.dll
0x00007ffa83160000 - 0x00007ffa83187000 	C:\Windows\SYSTEM32\WINMM.dll
0x00007ffa90270000 - 0x00007ffa902db000 	C:\Windows\System32\WS2_32.dll
0x00007ffa8cab0000 - 0x00007ffa8cac3000 	C:\Windows\SYSTEM32\kernel.appcore.dll
0x00007ffa8a790000 - 0x00007ffa8a79a000 	C:\Program Files\Java\jdk-14.0.1\bin\jimage.dll
0x00007ffa78510000 - 0x00007ffa786f4000 	C:\Windows\SYSTEM32\DBGHELP.DLL
0x00007ffa783f0000 - 0x00007ffa7841c000 	C:\Windows\SYSTEM32\dbgcore.DLL
0x00007ffa8eb60000 - 0x00007ffa8ebdf000 	C:\Windows\System32\bcryptPrimitives.dll
0x00007ffa8a150000 - 0x00007ffa8a175000 	C:\Program Files\Java\jdk-14.0.1\bin\java.dll
0x00007ffa881b0000 - 0x00007ffa881c6000 	C:\Program Files\Java\jdk-14.0.1\bin\zip.dll
0x00007ffa90730000 - 0x00007ffa90e65000 	C:\Windows\System32\SHELL32.dll
0x00007ffa8ccb0000 - 0x00007ffa8d43f000 	C:\Windows\SYSTEM32\windows.storage.dll
0x00007ffa8f600000 - 0x00007ffa8f953000 	C:\Windows\System32\combase.dll
0x00007ffa8e4b0000 - 0x00007ffa8e4db000 	C:\Windows\SYSTEM32\Wldp.dll
0x00007ffa901c0000 - 0x00007ffa9026e000 	C:\Windows\System32\SHCORE.dll
0x00007ffa906d0000 - 0x00007ffa90725000 	C:\Windows\System32\shlwapi.dll
0x00007ffa8ea40000 - 0x00007ffa8ea5f000 	C:\Windows\SYSTEM32\profapi.dll
0x00007ffa7ae80000 - 0x00007ffa7ae99000 	C:\Program Files\Java\jdk-14.0.1\bin\net.dll
0x00007ffa88290000 - 0x00007ffa88390000 	C:\Windows\SYSTEM32\WINHTTP.dll
0x00007ffa8e230000 - 0x00007ffa8e29a000 	C:\Windows\system32\mswsock.dll
0x00007ffa78b00000 - 0x00007ffa78b12000 	C:\Program Files\Java\jdk-14.0.1\bin\nio.dll
0x000000005c460000 - 0x000000005c477000 	C:\Program Files\swipl\bin\jpl.dll
0x0000000068f40000 - 0x00000000690a6000 	D:\Archivos\swipl\bin\libswipl.dll
0x000000005c3c0000 - 0x000000005c452000 	D:\Archivos\swipl\bin\libwinpthread-1.dll
0x000000005c300000 - 0x000000005c3b6000 	D:\Archivos\swipl\bin\libgmp-10.dll
0x000000005c2d0000 - 0x000000005c2f7000 	D:\Archivos\swipl\bin\zlib1.dll
0x000000005c1a0000 - 0x000000005c2cd000 	D:\Archivos\swipl\bin\libgcc_s_seh-1.dll

dbghelp: loaded successfully - version: 4.0.5 - missing functions: none
symbol engine: initialized successfully - sym options: 0x614 - pdb path: .;C:\Program Files\Java\jdk-14.0.1\bin;C:\Windows\SYSTEM32;C:\Windows\WinSxS\amd64_microsoft.windows.common-controls_6595b64144ccf1df_6.0.19041.1_none_b555e41d4684ddec;C:\Program Files\Java\jdk-14.0.1\bin\server;C:\Program Files\swipl\bin;D:\Archivos\swipl\bin

VM Arguments:
jvm_args: -Djava.library.path=C:\Program Files\swipl\bin -Dfile.encoding=Cp1252 
java_command: Logico.main
java_class_path (initial): D:\Archivos\Github\Proyecto-Final-Prolog\SmartHouse\bin;D:\Archivos\Github\Proyecto-Final-Prolog\SmartHouse\lib\jpl.jar
Launcher Type: SUN_STANDARD

[Global flags]
     intx CICompilerCount                          = 4                                         {product} {ergonomic}
     uint ConcGCThreads                            = 2                                         {product} {ergonomic}
     uint G1ConcRefinementThreads                  = 8                                         {product} {ergonomic}
   size_t G1HeapRegionSize                         = 1048576                                   {product} {ergonomic}
    uintx GCDrainStackTargetSize                   = 64                                        {product} {ergonomic}
   size_t InitialHeapSize                          = 134217728                                 {product} {ergonomic}
   size_t MarkStackSize                            = 4194304                                   {product} {ergonomic}
   size_t MaxHeapSize                              = 2143289344                                {product} {ergonomic}
   size_t MaxNewSize                               = 1285554176                                {product} {ergonomic}
   size_t MinHeapDeltaBytes                        = 1048576                                   {product} {ergonomic}
   size_t MinHeapSize                              = 8388608                                   {product} {ergonomic}
    uintx NonNMethodCodeHeapSize                   = 5839372                                {pd product} {ergonomic}
    uintx NonProfiledCodeHeapSize                  = 122909434                              {pd product} {ergonomic}
    uintx ProfiledCodeHeapSize                     = 122909434                              {pd product} {ergonomic}
    uintx ReservedCodeCacheSize                    = 251658240                              {pd product} {ergonomic}
     bool SegmentedCodeCache                       = true                                      {product} {ergonomic}
   size_t SoftMaxHeapSize                          = 2143289344                             {manageable} {ergonomic}
     bool UseCompressedClassPointers               = true                                 {lp64_product} {ergonomic}
     bool UseCompressedOops                        = true                                 {lp64_product} {ergonomic}
     bool UseG1GC                                  = true                                      {product} {ergonomic}
     bool UseLargePagesIndividualAllocation        = false                                  {pd product} {ergonomic}

Logging:
Log output configuration:
 #0: stdout all=warning uptime,level,tags
 #1: stderr all=off uptime,level,tags

Environment Variables:
PATH=C:/Program Files/Java/jdk-14.0.1/bin/server;C:/Program Files/Java/jdk-14.0.1/bin;C:\Python38\Scripts\;C:\Python38\;C:\Windows\system32;C:\Windows;C:\Windows\System32\Wbem;C:\Windows\System32\WindowsPowerShell\v1.0\;C:\Windows\System32\OpenSSH\;C:\Program Files\NVIDIA Corporation\NVIDIA NvDLISR;C:\Program Files (x86)\NVIDIA Corporation\PhysX\Common;C:\ProgramData\chocolatey\bin;C:\Program Files\nodejs\;C:\Program Files\Git\cmd;C:\Program Files (x86)\Yarn\bin\;C:\Program Files\Java\jdk-14.0.1\bin;D:\Archivos\swipl\bin;D:\Archivos\swipl\lib\jpl.jar;D:\Archivos\swipl\bin;D:\Archivos\swipl\lib\jpl.jar;D:\Games\cemu_1.19.3\bin;C:\Users\jean1\AppData\Local\Microsoft\WindowsApps;C:\Users\jean1\AppData\Local\GitHubDesktop\bin;C:\Users\jean1\AppData\Roaming\npm;C:\Users\jean1\AppData\Local\Yarn\bin;D:\Archivos\swipl\bin;C:\Windows\system32;
USERNAME=jean1
OS=Windows_NT
PROCESSOR_IDENTIFIER=Intel64 Family 6 Model 42 Stepping 7, GenuineIntel



---------------  S Y S T E M  ---------------

OS: Windows 10 , 64 bit Build 19041 (10.0.19041.292)
OS uptime: 0 days 6:48 hours

CPU:total 8 (initial active 8) (4 cores per cpu, 2 threads per core) family 6 model 42 stepping 7, cmov, cx8, fxsr, mmx, sse, sse2, sse3, ssse3, sse4.1, sse4.2, popcnt, avx, aes, clmul, ht, tsc, tscinvbit

Memory: 4k page, system-wide physical 8174M (2193M free)
TotalPageFile size 17902M (AvailPageFile size 6283M)
current process WorkingSet (physical memory assigned to process): 37M, peak: 37M
current process commit charge ("private bytes"): 217M, peak: 217M

vm_info: Java HotSpot(TM) 64-Bit Server VM (14.0.1+7) for windows-amd64 JRE (14.0.1+7), built on Mar  5 2020 10:30:14 by "mach5one" with MS VC++ 15.9 (VS2017)

END.
